
01:16:59.563 [info] TfrtCpuClient created.
Loading samples from file

01:17:00.903 [debug] Forwarding options: [client: :cuda] to JIT compiler

01:17:00.981 [info] successful NUMA node read from SysFS had negative value (-1), but there must be at least one NUMA node, so returning NUMA node zero

01:17:00.981 [info] XLA service 0x7ff8b8097ce0 initialized for platform CUDA (this does not guarantee that XLA will be used). Devices:

01:17:00.981 [info]   StreamExecutor device (0): NVIDIA GeForce RTX 2060, Compute Capability 7.5

01:17:00.981 [info] Using BFC allocator.

01:17:00.981 [info] XLA backend allocating 5507422617 bytes on device 0 for BFCAllocator.
Epoch: 0 Loss: 0.019757291302084923
Epoch: 1 Loss: 0.023003708571195602
Epoch: 2 Loss: 0.03233323246240616
Epoch: 3 Loss: 0.06430865079164505
Epoch: 4 Loss: 0.14656464755535126

01:17:23.686 [notice] SIGTERM received - shutting down


01:17:28.294 [info] TfrtCpuClient created.
Loading samples from file

01:17:29.632 [debug] Forwarding options: [client: :cuda] to JIT compiler

01:17:29.707 [info] successful NUMA node read from SysFS had negative value (-1), but there must be at least one NUMA node, so returning NUMA node zero

01:17:29.707 [info] XLA service 0x7f814047ee50 initialized for platform CUDA (this does not guarantee that XLA will be used). Devices:

01:17:29.707 [info]   StreamExecutor device (0): NVIDIA GeForce RTX 2060, Compute Capability 7.5

01:17:29.707 [info] Using BFC allocator.

01:17:29.707 [info] XLA backend allocating 5507422617 bytes on device 0 for BFCAllocator.
Epoch: 0 Loss: 0.030433248728513718
Epoch: 1 Loss: 0.031203802675008774
Epoch: 2 Loss: 0.02338646724820137
Epoch: 3 Loss: 0.019612526521086693
Epoch: 4 Loss: 0.022493422031402588
Epoch: 5 Loss: 0.01751614920794964
Epoch: 6 Loss: 0.016197020187973976
Epoch: 7 Loss: 0.015577173791825771
Epoch: 8 Loss: 0.014936605468392372
Epoch: 9 Loss: 0.014870564453303814
Epoch: 10 Loss: 0.020413881167769432
Epoch: 11 Loss: 0.015917900949716568
Epoch: 12 Loss: 0.015524284914135933
Epoch: 13 Loss: 0.015650052577257156
Epoch: 14 Loss: 0.017053548246622086
Epoch: 15 Loss: 0.0195351280272007
Epoch: 16 Loss: 0.020141668617725372
Epoch: 17 Loss: 0.021206747740507126
Epoch: 18 Loss: 0.022338926792144775
Epoch: 19 Loss: 0.023612186312675476
Epoch: 20 Loss: 0.02140963450074196
Epoch: 21 Loss: 0.022714799270033836
Epoch: 22 Loss: 0.02499951794743538
Epoch: 23 Loss: 0.016543731093406677
Epoch: 24 Loss: 0.022456493228673935
Epoch: 25 Loss: 0.016418442130088806
Epoch: 26 Loss: 0.021896271035075188
Epoch: 27 Loss: 0.026518335565924644
Epoch: 28 Loss: 0.026344086974859238
Epoch: 29 Loss: 0.024222958832979202
Epoch: 30 Loss: 0.02397172898054123
Epoch: 31 Loss: 0.026199091225862503
Epoch: 32 Loss: 0.020236747339367867
Epoch: 33 Loss: 0.02171294577419758
Epoch: 34 Loss: 0.019713209941983223
Epoch: 35 Loss: 0.02583831176161766
Epoch: 36 Loss: 0.026743682101368904
Epoch: 37 Loss: 0.027326708659529686
Epoch: 38 Loss: 0.029665924608707428
Epoch: 39 Loss: 0.025990959256887436
Epoch: 40 Loss: 0.03131699562072754
Epoch: 41 Loss: 0.03803650289773941
Epoch: 42 Loss: 0.02875726856291294
Epoch: 43 Loss: 0.030947545543313026
Epoch: 44 Loss: 0.02557159587740898
Epoch: 45 Loss: 0.05099934712052345
Epoch: 46 Loss: 0.03256777673959732
Epoch: 47 Loss: 0.039665721356868744
Epoch: 48 Loss: 0.034590017050504684
Epoch: 49 Loss: 0.03798261284828186
Epoch: 50 Loss: 0.035728730261325836
Epoch: 51 Loss: 0.0384850800037384
Epoch: 52 Loss: 0.03762068599462509
Epoch: 53 Loss: 0.03721143305301666
Epoch: 54 Loss: 0.040012046694755554
Epoch: 55 Loss: 0.03976327180862427
Epoch: 56 Loss: 0.042748887091875076
Epoch: 57 Loss: 0.0443853884935379
Epoch: 58 Loss: 0.044316042214632034
Epoch: 59 Loss: 0.04086148738861084
Epoch: 60 Loss: 0.042651209980249405
Epoch: 61 Loss: 0.056337859481573105
Epoch: 62 Loss: 0.040675871074199677
Epoch: 63 Loss: 0.04718615114688873
Epoch: 64 Loss: 0.04639104753732681
Epoch: 65 Loss: 0.04588668420910835
Epoch: 66 Loss: 0.044405125081539154
Epoch: 67 Loss: 0.05177871882915497
Epoch: 68 Loss: 0.04868396371603012
Epoch: 69 Loss: 0.04984152689576149
Epoch: 70 Loss: 0.04767473042011261
Epoch: 71 Loss: 0.04985136538743973
Epoch: 72 Loss: 0.05152573809027672
Epoch: 73 Loss: 0.05394890159368515
Epoch: 74 Loss: 0.04775743931531906
Epoch: 75 Loss: 0.05698833614587784
Epoch: 76 Loss: 0.05155337229371071
Epoch: 77 Loss: 0.0546271987259388
Epoch: 78 Loss: 0.05404077097773552
Epoch: 79 Loss: 0.05753085017204285
Epoch: 80 Loss: 0.05735490098595619
Epoch: 81 Loss: 0.05923622474074364
Epoch: 82 Loss: 0.055869825184345245
Epoch: 83 Loss: 0.062118321657180786
Epoch: 84 Loss: 0.05747572332620621
Epoch: 85 Loss: 0.06217183917760849
Epoch: 86 Loss: 0.0618160218000412
Epoch: 87 Loss: 0.05934098735451698
Epoch: 88 Loss: 0.06946365535259247
Epoch: 89 Loss: 0.05623969808220863
Epoch: 90 Loss: 0.06011946499347687
Epoch: 91 Loss: 0.061790917068719864
Epoch: 92 Loss: 0.06607470661401749
Epoch: 93 Loss: 0.057138461619615555
Epoch: 94 Loss: 0.04862023517489433
Epoch: 95 Loss: 0.054646607488393784
Epoch: 96 Loss: 0.0592605285346508
Epoch: 97 Loss: 0.0654706135392189
Epoch: 98 Loss: 0.07977419346570969
Epoch: 99 Loss: 0.07838510721921921
Epoch: 100 Loss: 0.08440031856298447
Epoch: 101 Loss: 0.05600068345665932
Epoch: 102 Loss: 0.07145088165998459
Epoch: 103 Loss: 0.09531539678573608
Epoch: 104 Loss: 0.06474388390779495
Epoch: 105 Loss: 0.07477685809135437
Epoch: 106 Loss: 0.060729946941137314
Epoch: 107 Loss: 0.06431008875370026
Epoch: 108 Loss: 0.07999391853809357
Epoch: 109 Loss: 0.07192343473434448
Epoch: 110 Loss: 0.06440342217683792
Epoch: 111 Loss: 0.07366348803043365
Epoch: 112 Loss: 0.10245472937822342
Epoch: 113 Loss: 0.08651749789714813
Epoch: 114 Loss: 0.061753422021865845
Epoch: 115 Loss: 0.07524296641349792
Epoch: 116 Loss: 0.08455532044172287
Epoch: 117 Loss: 0.0963742583990097
Epoch: 118 Loss: 0.08887245506048203
Epoch: 119 Loss: 0.044462356716394424
Epoch: 120 Loss: 0.038326412439346313
Epoch: 121 Loss: 0.041951488703489304
Epoch: 122 Loss: 0.05877327173948288
Epoch: 123 Loss: 0.05480065196752548
Epoch: 124 Loss: 0.055614251643419266
Epoch: 125 Loss: 0.06031937524676323
Epoch: 126 Loss: 0.08486102521419525
Epoch: 127 Loss: 0.08487073332071304
Epoch: 128 Loss: 0.08658350259065628
Epoch: 129 Loss: 0.07559619843959808
Epoch: 130 Loss: 0.08113731443881989
Epoch: 131 Loss: 0.08579309284687042
Epoch: 132 Loss: 0.08699897676706314
Epoch: 133 Loss: 0.05839794501662254
Epoch: 134 Loss: 0.08219961076974869
Epoch: 135 Loss: 0.07845523208379745
Epoch: 136 Loss: 0.06621100753545761
Epoch: 137 Loss: 0.08797187358140945
Epoch: 138 Loss: 0.0806143656373024
Epoch: 139 Loss: 0.08264075219631195
Epoch: 140 Loss: 0.09796002507209778
Epoch: 141 Loss: 0.0789242535829544
Epoch: 142 Loss: 0.08225000649690628
Epoch: 143 Loss: 0.08623582869768143
Epoch: 144 Loss: 0.055918723344802856
Epoch: 145 Loss: 0.0815609022974968
Epoch: 146 Loss: 0.0883704125881195
Epoch: 147 Loss: 0.08715721219778061
Epoch: 148 Loss: 0.08347984403371811
Epoch: 149 Loss: 0.09001139551401138
Epoch: 150 Loss: 0.0754196047782898
Epoch: 151 Loss: 0.055834390223026276
Epoch: 152 Loss: 0.10263244062662125
Epoch: 153 Loss: 0.06465843319892883
Epoch: 154 Loss: 0.0796525850892067
Epoch: 155 Loss: 0.08297189325094223
Epoch: 156 Loss: 0.027699541300535202
Epoch: 157 Loss: 0.07044278830289841
Epoch: 158 Loss: 0.13444316387176514
Epoch: 159 Loss: 0.13504108786582947
Epoch: 160 Loss: 0.10137932747602463
Epoch: 161 Loss: 0.09519270807504654
Epoch: 162 Loss: 0.13618764281272888
Epoch: 163 Loss: 0.08856270462274551
Epoch: 164 Loss: 0.08259911835193634
Epoch: 165 Loss: 0.09017590433359146
Epoch: 166 Loss: 0.09383062273263931
Epoch: 167 Loss: 0.10501793771982193
Epoch: 168 Loss: 0.1042909324169159
Epoch: 169 Loss: 0.10859325528144836
Epoch: 170 Loss: 0.1295149028301239
Epoch: 171 Loss: 0.16830745339393616
Epoch: 172 Loss: 0.07818995416164398
Epoch: 173 Loss: 0.11596916615962982
Epoch: 174 Loss: 0.14926424622535706
Epoch: 175 Loss: 0.061190441250801086
Epoch: 176 Loss: 0.0822523906826973
Epoch: 177 Loss: 0.08308760821819305
Epoch: 178 Loss: 0.06132681667804718
Epoch: 179 Loss: 0.09487230330705643
Epoch: 180 Loss: 0.09807965159416199
Epoch: 181 Loss: 0.09727485477924347
Epoch: 182 Loss: 0.08477306365966797
Epoch: 183 Loss: 0.07528537511825562
Epoch: 184 Loss: 0.08833906799554825
Epoch: 185 Loss: 0.0864856019616127
Epoch: 186 Loss: 0.09368263930082321
Epoch: 187 Loss: 0.10154114663600922
Epoch: 188 Loss: 0.09788551926612854
Epoch: 189 Loss: 0.14251244068145752
Epoch: 190 Loss: 0.07379534095525742
Epoch: 191 Loss: 0.086555115878582
Epoch: 192 Loss: 0.18970972299575806
Epoch: 193 Loss: 0.09829902648925781
Epoch: 194 Loss: 0.07188136130571365
Epoch: 195 Loss: 0.06935441493988037
Epoch: 196 Loss: 0.1748814731836319
Epoch: 197 Loss: 0.1763106882572174
Epoch: 198 Loss: 0.1482708752155304
Epoch: 199 Loss: 0.09620067477226257
Epoch: 200 Loss: 0.07799095660448074
Epoch: 201 Loss: 0.09138063341379166
Epoch: 202 Loss: 0.100928395986557
Epoch: 203 Loss: 0.08213293552398682
Epoch: 204 Loss: 0.11038725823163986
Epoch: 205 Loss: 0.0497799888253212
Epoch: 206 Loss: 0.14751532673835754
Epoch: 207 Loss: 0.1621900349855423
Epoch: 208 Loss: 0.1112971380352974
Epoch: 209 Loss: 0.1223561242222786
Epoch: 210 Loss: 0.17676761746406555
Epoch: 211 Loss: 0.16288357973098755
Epoch: 212 Loss: 0.07540125399827957
Epoch: 213 Loss: 0.19672392308712006
Epoch: 214 Loss: 0.10237627476453781
Epoch: 215 Loss: 0.03937580808997154
Epoch: 216 Loss: 0.1477498561143875
Epoch: 217 Loss: 0.0979350283741951
Epoch: 218 Loss: 0.05663102865219116
Epoch: 219 Loss: 0.07701018452644348
Epoch: 220 Loss: 0.21526582539081573
Epoch: 221 Loss: 0.10876810550689697
Epoch: 222 Loss: 0.04817736893892288
Epoch: 223 Loss: 0.06550481170415878
Epoch: 224 Loss: 0.038877103477716446
Epoch: 225 Loss: 0.08413460105657578
Epoch: 226 Loss: 0.10992498695850372
Epoch: 227 Loss: 0.06121823564171791
Epoch: 228 Loss: 0.11548887938261032
Epoch: 229 Loss: 0.060707416385412216
Epoch: 230 Loss: 0.053662728518247604
Epoch: 231 Loss: 0.09412015974521637
Epoch: 232 Loss: 0.03838252276182175
Epoch: 233 Loss: 0.09988903999328613
Epoch: 234 Loss: 0.06139001622796059
Epoch: 235 Loss: 0.09250030666589737
Epoch: 236 Loss: 0.21858637034893036
Epoch: 237 Loss: 0.21618066728115082
Epoch: 238 Loss: 0.21552343666553497
Epoch: 239 Loss: 0.21484385430812836
Epoch: 240 Loss: 0.21415363252162933
Epoch: 241 Loss: 0.21346183121204376
Epoch: 242 Loss: 0.21277283132076263
Epoch: 243 Loss: 0.21208885312080383
Epoch: 244 Loss: 0.21141064167022705
Epoch: 245 Loss: 0.21073871850967407
Epoch: 246 Loss: 0.21007448434829712
Epoch: 247 Loss: 0.20941606163978577
Epoch: 248 Loss: 0.20876438915729523
Epoch: 249 Loss: 0.20811878144741058
Epoch: 250 Loss: 0.2074807584285736
Epoch: 251 Loss: 0.20684891939163208
Epoch: 252 Loss: 0.2062229961156845
Epoch: 253 Loss: 0.20560334622859955
Epoch: 254 Loss: 0.20499026775360107
Epoch: 255 Loss: 0.20438386499881744
Epoch: 256 Loss: 0.20378321409225464
Epoch: 257 Loss: 0.2031887173652649
Epoch: 258 Loss: 0.20259980857372284
Epoch: 259 Loss: 0.20201750099658966
Epoch: 260 Loss: 0.20144110918045044
Epoch: 261 Loss: 0.20087012648582458
Epoch: 262 Loss: 0.20030519366264343
Epoch: 263 Loss: 0.19974566996097565
Epoch: 264 Loss: 0.19919177889823914
Epoch: 265 Loss: 0.19864414632320404
Epoch: 266 Loss: 0.19810150563716888
Epoch: 267 Loss: 0.19756419956684113
Epoch: 268 Loss: 0.1970321387052536
Epoch: 269 Loss: 0.1965055614709854
Epoch: 270 Loss: 0.19598466157913208
Epoch: 271 Loss: 0.19546863436698914
Epoch: 272 Loss: 0.19495800137519836
Epoch: 273 Loss: 0.19445185363292694
Epoch: 274 Loss: 0.1939510852098465
Epoch: 275 Loss: 0.1934555470943451
Epoch: 276 Loss: 0.1929655224084854
Epoch: 277 Loss: 0.19247989356517792
Epoch: 278 Loss: 0.19199897348880768
Epoch: 279 Loss: 0.1915222853422165
Epoch: 280 Loss: 0.1910509318113327
Epoch: 281 Loss: 0.19058439135551453
Epoch: 282 Loss: 0.19012273848056793
Epoch: 283 Loss: 0.18966557085514069
Epoch: 284 Loss: 0.18921267986297607
Epoch: 285 Loss: 0.18876376748085022
Epoch: 286 Loss: 0.18831972777843475
Epoch: 287 Loss: 0.18788009881973267
Epoch: 288 Loss: 0.18744537234306335
Epoch: 289 Loss: 0.18701446056365967
Epoch: 290 Loss: 0.18658755719661713
Epoch: 291 Loss: 0.18616501986980438
Epoch: 292 Loss: 0.18574672937393188
Epoch: 293 Loss: 0.1853325515985489
Epoch: 294 Loss: 0.18492275476455688
Epoch: 295 Loss: 0.18451659381389618
Epoch: 296 Loss: 0.18411415815353394
Epoch: 297 Loss: 0.1837160736322403
Epoch: 298 Loss: 0.1833217889070511
Epoch: 299 Loss: 0.18293112516403198
Epoch: 300 Loss: 0.18254491686820984
Epoch: 301 Loss: 0.18216253817081451
Epoch: 302 Loss: 0.18178339302539825
Epoch: 303 Loss: 0.18140774965286255
Epoch: 304 Loss: 0.1810363233089447
Epoch: 305 Loss: 0.18066832423210144
Epoch: 306 Loss: 0.18030372262001038
Epoch: 307 Loss: 0.17994309961795807
Epoch: 308 Loss: 0.17958612740039825
Epoch: 309 Loss: 0.17923225462436676
Epoch: 310 Loss: 0.1788814216852188
Epoch: 311 Loss: 0.17853400111198425
Epoch: 312 Loss: 0.17819064855575562
Epoch: 313 Loss: 0.17785023152828217
Epoch: 314 Loss: 0.17751340568065643
Epoch: 315 Loss: 0.177180215716362
Epoch: 316 Loss: 0.176849827170372
Epoch: 317 Loss: 0.17652231454849243
Epoch: 318 Loss: 0.1761978268623352
Epoch: 319 Loss: 0.17587663233280182
Epoch: 320 Loss: 0.175558939576149
Epoch: 321 Loss: 0.17524421215057373
Epoch: 322 Loss: 0.174932599067688
Epoch: 323 Loss: 0.1746242791414261
Epoch: 324 Loss: 0.17431867122650146
Epoch: 325 Loss: 0.17401562631130219
Epoch: 326 Loss: 0.17371562123298645
Epoch: 327 Loss: 0.17341814935207367
Epoch: 328 Loss: 0.1731237918138504
Epoch: 329 Loss: 0.17283251881599426
Epoch: 330 Loss: 0.17254413664340973
Epoch: 331 Loss: 0.17225882411003113
Epoch: 332 Loss: 0.17197638750076294
Epoch: 333 Loss: 0.17169620096683502
Epoch: 334 Loss: 0.171418234705925
Epoch: 335 Loss: 0.1711430698633194
Epoch: 336 Loss: 0.17087024450302124
Epoch: 337 Loss: 0.1706000715494156
Epoch: 338 Loss: 0.17033298313617706
Epoch: 339 Loss: 0.17006854712963104
Epoch: 340 Loss: 0.1698068231344223
Epoch: 341 Loss: 0.16954776644706726
Epoch: 342 Loss: 0.16929100453853607
Epoch: 343 Loss: 0.1690363883972168
Epoch: 344 Loss: 0.16878384351730347
Epoch: 345 Loss: 0.16853372752666473
Epoch: 346 Loss: 0.16828583180904388
Epoch: 347 Loss: 0.16804036498069763
Epoch: 348 Loss: 0.16779758036136627
Epoch: 349 Loss: 0.16755743324756622
Epoch: 350 Loss: 0.16731968522071838
Epoch: 351 Loss: 0.16708432137966156
Epoch: 352 Loss: 0.16685105860233307
Epoch: 353 Loss: 0.16661976277828217
Epoch: 354 Loss: 0.1663902997970581
Epoch: 355 Loss: 0.1661628782749176
Epoch: 356 Loss: 0.1659376621246338
Epoch: 357 Loss: 0.16571439802646637
Epoch: 358 Loss: 0.1654934138059616
Epoch: 359 Loss: 0.16527464985847473
Epoch: 360 Loss: 0.16505858302116394
Epoch: 361 Loss: 0.16484467685222626
Epoch: 362 Loss: 0.1646329164505005
Epoch: 363 Loss: 0.1644229143857956
Epoch: 364 Loss: 0.16421489417552948
Epoch: 365 Loss: 0.16400839388370514
Epoch: 366 Loss: 0.16380368173122406
Epoch: 367 Loss: 0.16360056400299072
Epoch: 368 Loss: 0.16339927911758423
Epoch: 369 Loss: 0.16319996118545532
Epoch: 370 Loss: 0.1630025953054428
Epoch: 371 Loss: 0.16280730068683624
Epoch: 372 Loss: 0.1626143455505371
Epoch: 373 Loss: 0.16242320835590363
Epoch: 374 Loss: 0.16223427653312683
Epoch: 375 Loss: 0.16204693913459778
Epoch: 376 Loss: 0.1618611216545105
Epoch: 377 Loss: 0.16167719662189484
Epoch: 378 Loss: 0.161494642496109
Epoch: 379 Loss: 0.16131369769573212
Epoch: 380 Loss: 0.16113422811031342
Epoch: 381 Loss: 0.16095615923404694
Epoch: 382 Loss: 0.16077981889247894
Epoch: 383 Loss: 0.16060520708560944
Epoch: 384 Loss: 0.16043224930763245
Epoch: 385 Loss: 0.16026100516319275
Epoch: 386 Loss: 0.1600918471813202
Epoch: 387 Loss: 0.15992450714111328
Epoch: 388 Loss: 0.15975892543792725
Epoch: 389 Loss: 0.1595948338508606
Epoch: 390 Loss: 0.15943185985088348
Epoch: 391 Loss: 0.1592705398797989
Epoch: 392 Loss: 0.1591106504201889
Epoch: 393 Loss: 0.15895211696624756
Epoch: 394 Loss: 0.15879477560520172
Epoch: 395 Loss: 0.1586386263370514
Epoch: 396 Loss: 0.15848408639431
Epoch: 397 Loss: 0.15833066403865814
Epoch: 398 Loss: 0.15817880630493164
Epoch: 399 Loss: 0.15802833437919617
Epoch: 400 Loss: 0.15787945687770844
Epoch: 401 Loss: 0.15773215889930725
Epoch: 402 Loss: 0.15758655965328217
Epoch: 403 Loss: 0.1574423909187317
Epoch: 404 Loss: 0.15729978680610657
Epoch: 405 Loss: 0.15715835988521576
Epoch: 406 Loss: 0.15701797604560852
Epoch: 407 Loss: 0.1568790078163147
Epoch: 408 Loss: 0.1567414253950119
Epoch: 409 Loss: 0.15660512447357178
Epoch: 410 Loss: 0.1564697027206421
Epoch: 411 Loss: 0.15633542835712433
Epoch: 412 Loss: 0.1562022715806961
Epoch: 413 Loss: 0.15607015788555145
Epoch: 414 Loss: 0.1559392809867859
Epoch: 415 Loss: 0.15580952167510986
Epoch: 416 Loss: 0.15568096935749054
Epoch: 417 Loss: 0.15555398166179657
Epoch: 418 Loss: 0.15542791783809662
Epoch: 419 Loss: 0.15530318021774292
Epoch: 420 Loss: 0.15518002212047577
Epoch: 421 Loss: 0.1550581157207489
Epoch: 422 Loss: 0.1549372375011444
Epoch: 423 Loss: 0.15481767058372498
Epoch: 424 Loss: 0.15469904243946075
Epoch: 425 Loss: 0.15458142757415771
Epoch: 426 Loss: 0.15446509420871735
Epoch: 427 Loss: 0.15434974431991577
Epoch: 428 Loss: 0.15423531830310822
Epoch: 429 Loss: 0.15412196516990662
Epoch: 430 Loss: 0.15400949120521545
Epoch: 431 Loss: 0.1538977473974228
Epoch: 432 Loss: 0.1537870168685913
Epoch: 433 Loss: 0.1536773145198822
Epoch: 434 Loss: 0.15356849133968353
Epoch: 435 Loss: 0.15346059203147888
Epoch: 436 Loss: 0.15335366129875183
Epoch: 437 Loss: 0.15324780344963074
Epoch: 438 Loss: 0.1531427651643753
Epoch: 439 Loss: 0.153038889169693
Epoch: 440 Loss: 0.15293605625629425
Epoch: 441 Loss: 0.1528344750404358
Epoch: 442 Loss: 0.1527339220046997
Epoch: 443 Loss: 0.15263445675373077
Epoch: 444 Loss: 0.15253570675849915
Epoch: 445 Loss: 0.1524379700422287
Epoch: 446 Loss: 0.15234112739562988
Epoch: 447 Loss: 0.1522451490163803
Epoch: 448 Loss: 0.1521502435207367
Epoch: 449 Loss: 0.1520560085773468
Epoch: 450 Loss: 0.15196262300014496
Epoch: 451 Loss: 0.1518702507019043
Epoch: 452 Loss: 0.15177857875823975
Epoch: 453 Loss: 0.15168781578540802
Epoch: 454 Loss: 0.1515975445508957
Epoch: 455 Loss: 0.15150800347328186
Epoch: 456 Loss: 0.15141907334327698
Epoch: 457 Loss: 0.1513308733701706
Epoch: 458 Loss: 0.151243656873703
Epoch: 459 Loss: 0.1511571705341339
Epoch: 460 Loss: 0.15107135474681854
Epoch: 461 Loss: 0.1509862244129181
Epoch: 462 Loss: 0.15090183913707733
Epoch: 463 Loss: 0.15081849694252014
Epoch: 464 Loss: 0.1507357358932495
Epoch: 465 Loss: 0.15065377950668335
Epoch: 466 Loss: 0.15057288110256195
Epoch: 467 Loss: 0.1504926234483719
Epoch: 468 Loss: 0.15041327476501465
Epoch: 469 Loss: 0.15033462643623352
Epoch: 470 Loss: 0.15025681257247925
Epoch: 471 Loss: 0.15017975866794586
Epoch: 472 Loss: 0.1501033902168274
Epoch: 473 Loss: 0.15002775192260742
Epoch: 474 Loss: 0.14995281398296356
Epoch: 475 Loss: 0.14987845718860626
Epoch: 476 Loss: 0.14980517327785492
Epoch: 477 Loss: 0.1497323215007782
Epoch: 478 Loss: 0.14966018497943878
Epoch: 479 Loss: 0.14958874881267548
Epoch: 480 Loss: 0.14951792359352112
Epoch: 481 Loss: 0.14944782853126526
Epoch: 482 Loss: 0.14937818050384521
Epoch: 483 Loss: 0.14930900931358337
Epoch: 484 Loss: 0.14924044907093048
Epoch: 485 Loss: 0.14917244017124176
Epoch: 486 Loss: 0.14910484850406647
Epoch: 487 Loss: 0.1490376591682434
Epoch: 488 Loss: 0.14897117018699646
Epoch: 489 Loss: 0.1489054411649704
Epoch: 490 Loss: 0.14884024858474731
Epoch: 491 Loss: 0.14877568185329437
Epoch: 492 Loss: 0.1487113982439041
Epoch: 493 Loss: 0.14864791929721832
Epoch: 494 Loss: 0.14858490228652954
Epoch: 495 Loss: 0.14852237701416016
Epoch: 496 Loss: 0.14846058189868927
Epoch: 497 Loss: 0.1483992040157318
Epoch: 498 Loss: 0.14833858609199524
Epoch: 499 Loss: 0.14827868342399597
Epoch: 500 Loss: 0.14821912348270416
Epoch: 501 Loss: 0.14816011488437653
Epoch: 502 Loss: 0.1481017917394638
Epoch: 503 Loss: 0.14804404973983765
Epoch: 504 Loss: 0.14798684418201447
Epoch: 505 Loss: 0.14793018996715546
Epoch: 506 Loss: 0.14787393808364868
Epoch: 507 Loss: 0.14781828224658966
Epoch: 508 Loss: 0.14776316285133362
Epoch: 509 Loss: 0.14770857989788055
Epoch: 510 Loss: 0.1476544290781021
Epoch: 511 Loss: 0.1476006805896759
Epoch: 512 Loss: 0.1475476175546646
Epoch: 513 Loss: 0.1474951058626175
Epoch: 514 Loss: 0.14744319021701813
Epoch: 515 Loss: 0.14739175140857697
Epoch: 516 Loss: 0.14734086394309998
Epoch: 517 Loss: 0.14729049801826477
Epoch: 518 Loss: 0.14724045991897583
Epoch: 519 Loss: 0.14719083905220032
Epoch: 520 Loss: 0.147141695022583
Epoch: 521 Loss: 0.1470930576324463
Epoch: 522 Loss: 0.14704468846321106
Epoch: 523 Loss: 0.14699667692184448
Epoch: 524 Loss: 0.14694897830486298
Epoch: 525 Loss: 0.1469017118215561
Epoch: 526 Loss: 0.1468547135591507
Epoch: 527 Loss: 0.14680802822113037
Epoch: 528 Loss: 0.1467617005109787
Epoch: 529 Loss: 0.14671576023101807
Epoch: 530 Loss: 0.1466701328754425
Epoch: 531 Loss: 0.14662505686283112
Epoch: 532 Loss: 0.14658038318157196
Epoch: 533 Loss: 0.146536186337471
Epoch: 534 Loss: 0.14649228751659393
Epoch: 535 Loss: 0.1464487463235855
Epoch: 536 Loss: 0.14640569686889648
Epoch: 537 Loss: 0.14636293053627014
Epoch: 538 Loss: 0.1463206261396408
Epoch: 539 Loss: 0.1462787240743637
Epoch: 540 Loss: 0.14623726904392242
Epoch: 541 Loss: 0.14619599282741547
Epoch: 542 Loss: 0.14615513384342194
Epoch: 543 Loss: 0.1461145430803299
Epoch: 544 Loss: 0.14607444405555725
Epoch: 545 Loss: 0.14603473246097565
Epoch: 546 Loss: 0.1459956020116806
Epoch: 547 Loss: 0.14595666527748108
Epoch: 548 Loss: 0.14591799676418304
Epoch: 549 Loss: 0.14587952196598053
Epoch: 550 Loss: 0.14584147930145264
Epoch: 551 Loss: 0.1458040326833725
Epoch: 552 Loss: 0.14576682448387146
Epoch: 553 Loss: 0.14573009312152863
Epoch: 554 Loss: 0.14569368958473206
Epoch: 555 Loss: 0.14565761387348175
Epoch: 556 Loss: 0.14562183618545532
Epoch: 557 Loss: 0.14558646082878113
Epoch: 558 Loss: 0.14555127918720245
Epoch: 559 Loss: 0.14551642537117004
Epoch: 560 Loss: 0.1454818844795227
Epoch: 561 Loss: 0.14544764161109924
Epoch: 562 Loss: 0.14541363716125488
Epoch: 563 Loss: 0.14538003504276276
Epoch: 564 Loss: 0.14534668624401093
Epoch: 565 Loss: 0.14531363546848297
Epoch: 566 Loss: 0.14528098702430725
Epoch: 567 Loss: 0.14524877071380615
Epoch: 568 Loss: 0.1452169269323349
Epoch: 569 Loss: 0.14518532156944275
Epoch: 570 Loss: 0.1451539397239685
Epoch: 571 Loss: 0.1451229304075241
Epoch: 572 Loss: 0.14509227871894836
Epoch: 573 Loss: 0.1450619101524353
Epoch: 574 Loss: 0.14503175020217896
Epoch: 575 Loss: 0.14500194787979126
Epoch: 576 Loss: 0.14497257769107819
Epoch: 577 Loss: 0.14494329690933228
Epoch: 578 Loss: 0.1449141651391983
Epoch: 579 Loss: 0.14488531649112701
Epoch: 580 Loss: 0.14485685527324677
Epoch: 581 Loss: 0.14482861757278442
Epoch: 582 Loss: 0.14480069279670715
Epoch: 583 Loss: 0.1447729915380478
Epoch: 584 Loss: 0.1447455883026123
Epoch: 585 Loss: 0.1447184681892395
Epoch: 586 Loss: 0.14469140768051147
Epoch: 587 Loss: 0.14466455578804016
Epoch: 588 Loss: 0.1446378231048584
Epoch: 589 Loss: 0.14461137354373932
Epoch: 590 Loss: 0.14458493888378143
Epoch: 591 Loss: 0.14455872774124146
Epoch: 592 Loss: 0.1445327252149582
Epoch: 593 Loss: 0.14450687170028687
Epoch: 594 Loss: 0.14448121190071106
Epoch: 595 Loss: 0.1444557160139084
Epoch: 596 Loss: 0.14443042874336243
Epoch: 597 Loss: 0.1444052755832672
Epoch: 598 Loss: 0.1443803459405899
Epoch: 599 Loss: 0.1443556845188141
Epoch: 600 Loss: 0.14433124661445618
Epoch: 601 Loss: 0.14430709183216095
Epoch: 602 Loss: 0.14428313076496124
Epoch: 603 Loss: 0.1442595273256302
Epoch: 604 Loss: 0.14423607289791107
Epoch: 605 Loss: 0.14421284198760986
Epoch: 606 Loss: 0.14418978989124298
Epoch: 607 Loss: 0.14416687190532684
Epoch: 608 Loss: 0.14414411783218384
Epoch: 609 Loss: 0.14412158727645874
Epoch: 610 Loss: 0.14409931004047394
Epoch: 611 Loss: 0.1440771222114563
Epoch: 612 Loss: 0.14405517280101776
Epoch: 613 Loss: 0.1440334916114807
Epoch: 614 Loss: 0.14401207864284515
Epoch: 615 Loss: 0.14399084448814392
Epoch: 616 Loss: 0.1439698487520218
Epoch: 617 Loss: 0.14394903182983398
Epoch: 618 Loss: 0.14392846822738647
Epoch: 619 Loss: 0.14390796422958374
Epoch: 620 Loss: 0.14388766884803772
Epoch: 621 Loss: 0.143867626786232
Epoch: 622 Loss: 0.14384767413139343
Epoch: 623 Loss: 0.1438278704881668
Epoch: 624 Loss: 0.14380815625190735
Epoch: 625 Loss: 0.14378872513771057
Epoch: 626 Loss: 0.14376941323280334
Epoch: 627 Loss: 0.14375039935112
Epoch: 628 Loss: 0.14373163878917694
Epoch: 629 Loss: 0.14371301233768463
Epoch: 630 Loss: 0.14369453489780426
Epoch: 631 Loss: 0.14367623627185822
Epoch: 632 Loss: 0.14365802705287933
Epoch: 633 Loss: 0.14363989233970642
Epoch: 634 Loss: 0.14362183213233948
Epoch: 635 Loss: 0.14360392093658447
Epoch: 636 Loss: 0.14358623325824738
Epoch: 637 Loss: 0.14356859028339386
Epoch: 638 Loss: 0.14355117082595825
Epoch: 639 Loss: 0.14353393018245697
Epoch: 640 Loss: 0.14351685345172882
Epoch: 641 Loss: 0.1434999704360962
Epoch: 642 Loss: 0.14348328113555908
Epoch: 643 Loss: 0.1434668004512787
Epoch: 644 Loss: 0.14345043897628784
Epoch: 645 Loss: 0.1434342861175537
Epoch: 646 Loss: 0.1434183418750763
Epoch: 647 Loss: 0.14340253174304962
Epoch: 648 Loss: 0.1433868408203125
Epoch: 649 Loss: 0.14337120950222015
Epoch: 650 Loss: 0.1433558464050293
Epoch: 651 Loss: 0.14334052801132202
Epoch: 652 Loss: 0.14332541823387146
Epoch: 653 Loss: 0.14331036806106567
Epoch: 654 Loss: 0.14329545199871063
Epoch: 655 Loss: 0.14328058063983917
Epoch: 656 Loss: 0.14326578378677368
Epoch: 657 Loss: 0.14325134456157684
Epoch: 658 Loss: 0.14323700964450836
Epoch: 659 Loss: 0.14322282373905182
Epoch: 660 Loss: 0.14320875704288483
Epoch: 661 Loss: 0.1431947946548462
Epoch: 662 Loss: 0.1431809514760971
Epoch: 663 Loss: 0.14316719770431519
Epoch: 664 Loss: 0.14315363764762878
Epoch: 665 Loss: 0.14314016699790955
Epoch: 666 Loss: 0.14312690496444702
Epoch: 667 Loss: 0.1431136280298233
Epoch: 668 Loss: 0.14310045540332794
Epoch: 669 Loss: 0.14308743178844452
Epoch: 670 Loss: 0.14307445287704468
Epoch: 671 Loss: 0.1430615931749344
Epoch: 672 Loss: 0.143048956990242
Epoch: 673 Loss: 0.14303632080554962
Epoch: 674 Loss: 0.14302390813827515
Epoch: 675 Loss: 0.1430116444826126
Epoch: 676 Loss: 0.14299945533275604
Epoch: 677 Loss: 0.14298740029335022
Epoch: 678 Loss: 0.14297553896903992
Epoch: 679 Loss: 0.14296375215053558
Epoch: 680 Loss: 0.142952099442482
Epoch: 681 Loss: 0.14294058084487915
Epoch: 682 Loss: 0.14292912185192108
Epoch: 683 Loss: 0.14291782677173615
Epoch: 684 Loss: 0.14290666580200195
Epoch: 685 Loss: 0.14289560914039612
Epoch: 686 Loss: 0.14288464188575745
Epoch: 687 Loss: 0.14287376403808594
Epoch: 688 Loss: 0.14286302030086517
Epoch: 689 Loss: 0.14285242557525635
Epoch: 690 Loss: 0.14284180104732513
Epoch: 691 Loss: 0.14283137023448944
Epoch: 692 Loss: 0.14282092452049255
Epoch: 693 Loss: 0.14281059801578522
Epoch: 694 Loss: 0.14280028641223907
Epoch: 695 Loss: 0.14279013872146606
Epoch: 696 Loss: 0.14278021454811096
Epoch: 697 Loss: 0.14277030527591705
Epoch: 698 Loss: 0.1427605301141739
Epoch: 699 Loss: 0.14275076985359192
Epoch: 700 Loss: 0.14274121820926666
Epoch: 701 Loss: 0.1427316963672638
Epoch: 702 Loss: 0.14272229373455048
Epoch: 703 Loss: 0.1427130252122879
Epoch: 704 Loss: 0.14270371198654175
Epoch: 705 Loss: 0.14269451797008514
Epoch: 706 Loss: 0.14268551766872406
Epoch: 707 Loss: 0.14267659187316895
Epoch: 708 Loss: 0.14266766607761383
Epoch: 709 Loss: 0.14265884459018707
Epoch: 710 Loss: 0.14265014231204987
Epoch: 711 Loss: 0.14264142513275146
Epoch: 712 Loss: 0.14263294637203217
Epoch: 713 Loss: 0.14262446761131287
Epoch: 714 Loss: 0.14261607825756073
Epoch: 715 Loss: 0.14260773360729218
Epoch: 716 Loss: 0.14259958267211914
Epoch: 717 Loss: 0.14259149134159088
Epoch: 718 Loss: 0.14258350431919098
Epoch: 719 Loss: 0.14257554709911346
Epoch: 720 Loss: 0.14256763458251953
Epoch: 721 Loss: 0.1425597369670868
Epoch: 722 Loss: 0.14255183935165405
Epoch: 723 Loss: 0.14254410564899445
Epoch: 724 Loss: 0.1425364464521408
Epoch: 725 Loss: 0.14252886176109314
Epoch: 726 Loss: 0.14252133667469025
Epoch: 727 Loss: 0.14251385629177094
Epoch: 728 Loss: 0.14250649511814117
Epoch: 729 Loss: 0.1424991637468338
Epoch: 730 Loss: 0.14249183237552643
Epoch: 731 Loss: 0.142484650015831
Epoch: 732 Loss: 0.14247754216194153
Epoch: 733 Loss: 0.1424705535173416
Epoch: 734 Loss: 0.14246350526809692
Epoch: 735 Loss: 0.14245657622814178
Epoch: 736 Loss: 0.14244961738586426
Epoch: 737 Loss: 0.14244282245635986
Epoch: 738 Loss: 0.14243604242801666
Epoch: 739 Loss: 0.1424294263124466
Epoch: 740 Loss: 0.14242292940616608
Epoch: 741 Loss: 0.14241653680801392
Epoch: 742 Loss: 0.14241017401218414
Epoch: 743 Loss: 0.14240382611751556
Epoch: 744 Loss: 0.14239753782749176
Epoch: 745 Loss: 0.14239121973514557
Epoch: 746 Loss: 0.14238499104976654
Epoch: 747 Loss: 0.1423787921667099
Epoch: 748 Loss: 0.14237257838249207
Epoch: 749 Loss: 0.14236633479595184
Epoch: 750 Loss: 0.14236019551753998
Epoch: 751 Loss: 0.1423540711402893
Epoch: 752 Loss: 0.1423480212688446
Epoch: 753 Loss: 0.1423419862985611
Epoch: 754 Loss: 0.14233601093292236
Epoch: 755 Loss: 0.14233003556728363
Epoch: 756 Loss: 0.14232411980628967
Epoch: 757 Loss: 0.1423182636499405
Epoch: 758 Loss: 0.1423124223947525
Epoch: 759 Loss: 0.14230655133724213
Epoch: 760 Loss: 0.14230071008205414
Epoch: 761 Loss: 0.14229486882686615
Epoch: 762 Loss: 0.14228907227516174
Epoch: 763 Loss: 0.1422833353281021
Epoch: 764 Loss: 0.14227761328220367
Epoch: 765 Loss: 0.14227190613746643
Epoch: 766 Loss: 0.142266184091568
Epoch: 767 Loss: 0.14226050674915314
Epoch: 768 Loss: 0.14225482940673828
Epoch: 769 Loss: 0.1422491818666458
Epoch: 770 Loss: 0.14224356412887573
Epoch: 771 Loss: 0.14223799109458923
Epoch: 772 Loss: 0.14223255217075348
Epoch: 773 Loss: 0.14222712814807892
Epoch: 774 Loss: 0.14222168922424316
Epoch: 775 Loss: 0.1422162652015686
Epoch: 776 Loss: 0.1422109156847
Epoch: 777 Loss: 0.142205610871315
Epoch: 778 Loss: 0.14220030605793
Epoch: 779 Loss: 0.14219507575035095
Epoch: 780 Loss: 0.14218983054161072
Epoch: 781 Loss: 0.14218464493751526
Epoch: 782 Loss: 0.14217954874038696
Epoch: 783 Loss: 0.14217451214790344
Epoch: 784 Loss: 0.14216943085193634
Epoch: 785 Loss: 0.14216439425945282
Epoch: 786 Loss: 0.14215940237045288
Epoch: 787 Loss: 0.1421544849872589
Epoch: 788 Loss: 0.14214973151683807
Epoch: 789 Loss: 0.14214494824409485
Epoch: 790 Loss: 0.1421402245759964
Epoch: 791 Loss: 0.14213566482067108
Epoch: 792 Loss: 0.1421309858560562
Epoch: 793 Loss: 0.14212633669376373
Epoch: 794 Loss: 0.1421218067407608
Epoch: 795 Loss: 0.1421172320842743
Epoch: 796 Loss: 0.1421126276254654
Epoch: 797 Loss: 0.14210815727710724
Epoch: 798 Loss: 0.1421036273241043
Epoch: 799 Loss: 0.14209920167922974
Epoch: 800 Loss: 0.14209477603435516
Epoch: 801 Loss: 0.14209039509296417
Epoch: 802 Loss: 0.14208610355854034
Epoch: 803 Loss: 0.14208179712295532
Epoch: 804 Loss: 0.14207760989665985
Epoch: 805 Loss: 0.1420733630657196
Epoch: 806 Loss: 0.14206916093826294
Epoch: 807 Loss: 0.14206498861312866
Epoch: 808 Loss: 0.14206095039844513
Epoch: 809 Loss: 0.1420568823814392
Epoch: 810 Loss: 0.14205285906791687
Epoch: 811 Loss: 0.14204886555671692
Epoch: 812 Loss: 0.14204484224319458
Epoch: 813 Loss: 0.1420408934354782
Epoch: 814 Loss: 0.14203694462776184
Epoch: 815 Loss: 0.14203302562236786
Epoch: 816 Loss: 0.14202918112277985
Epoch: 817 Loss: 0.14202533662319183
Epoch: 818 Loss: 0.14202158153057098
Epoch: 819 Loss: 0.14201781153678894
Epoch: 820 Loss: 0.14201414585113525
Epoch: 821 Loss: 0.14201053977012634
Epoch: 822 Loss: 0.14200694859027863
Epoch: 823 Loss: 0.1420033574104309
Epoch: 824 Loss: 0.14199982583522797
Epoch: 825 Loss: 0.1419963538646698
Epoch: 826 Loss: 0.1419929713010788
Epoch: 827 Loss: 0.141989603638649
Epoch: 828 Loss: 0.14198634028434753
Epoch: 829 Loss: 0.14198310673236847
Epoch: 830 Loss: 0.14197991788387299
Epoch: 831 Loss: 0.14197678864002228
Epoch: 832 Loss: 0.14197362959384918
Epoch: 833 Loss: 0.1419704556465149
Epoch: 834 Loss: 0.14196740090847015
Epoch: 835 Loss: 0.1419643610715866
Epoch: 836 Loss: 0.14196132123470306
Epoch: 837 Loss: 0.1419583112001419
Epoch: 838 Loss: 0.14195530116558075
Epoch: 839 Loss: 0.14195236563682556
Epoch: 840 Loss: 0.14194951951503754
Epoch: 841 Loss: 0.14194664359092712
Epoch: 842 Loss: 0.1419437676668167
Epoch: 843 Loss: 0.14194096624851227
Epoch: 844 Loss: 0.14193814992904663
Epoch: 845 Loss: 0.14193539321422577
Epoch: 846 Loss: 0.1419326364994049
Epoch: 847 Loss: 0.14192990958690643
Epoch: 848 Loss: 0.14192721247673035
Epoch: 849 Loss: 0.14192450046539307
Epoch: 850 Loss: 0.14192180335521698
Epoch: 851 Loss: 0.1419191062450409
Epoch: 852 Loss: 0.1419163942337036
Epoch: 853 Loss: 0.14191369712352753
Epoch: 854 Loss: 0.14191105961799622
Epoch: 855 Loss: 0.14190836250782013
Epoch: 856 Loss: 0.14190573990345
Epoch: 857 Loss: 0.1419031023979187
Epoch: 858 Loss: 0.14190049469470978
Epoch: 859 Loss: 0.14189793169498444
Epoch: 860 Loss: 0.1418953686952591
Epoch: 861 Loss: 0.14189286530017853
Epoch: 862 Loss: 0.14189031720161438
Epoch: 863 Loss: 0.1418878585100174
Epoch: 864 Loss: 0.14188538491725922
Epoch: 865 Loss: 0.14188294112682343
Epoch: 866 Loss: 0.14188051223754883
Epoch: 867 Loss: 0.14187809824943542
Epoch: 868 Loss: 0.141875758767128
Epoch: 869 Loss: 0.14187347888946533
Epoch: 870 Loss: 0.14187119901180267
Epoch: 871 Loss: 0.14186891913414001
Epoch: 872 Loss: 0.14186668395996094
Epoch: 873 Loss: 0.14186447858810425
Epoch: 874 Loss: 0.14186234772205353
Epoch: 875 Loss: 0.14186014235019684
Epoch: 876 Loss: 0.14185799658298492
Epoch: 877 Loss: 0.14185583591461182
Epoch: 878 Loss: 0.14185374975204468
Epoch: 879 Loss: 0.14185163378715515
Epoch: 880 Loss: 0.14184951782226562
Epoch: 881 Loss: 0.1418474167585373
Epoch: 882 Loss: 0.14184531569480896
Epoch: 883 Loss: 0.1418432742357254
Epoch: 884 Loss: 0.14184115827083588
Epoch: 885 Loss: 0.14183905720710754
Epoch: 886 Loss: 0.14183703064918518
Epoch: 887 Loss: 0.14183497428894043
Epoch: 888 Loss: 0.14183294773101807
Epoch: 889 Loss: 0.1418309211730957
Epoch: 890 Loss: 0.14182895421981812
Epoch: 891 Loss: 0.14182694256305695
Epoch: 892 Loss: 0.14182494580745697
Epoch: 893 Loss: 0.1418229639530182
Epoch: 894 Loss: 0.1418210119009018
Epoch: 895 Loss: 0.1418190598487854
Epoch: 896 Loss: 0.14181707799434662
Epoch: 897 Loss: 0.1418151706457138
Epoch: 898 Loss: 0.14181318879127502
Epoch: 899 Loss: 0.1418112814426422
Epoch: 900 Loss: 0.14180941879749298
Epoch: 901 Loss: 0.14180755615234375
Epoch: 902 Loss: 0.1418057233095169
Epoch: 903 Loss: 0.14180399477481842
Epoch: 904 Loss: 0.14180219173431396
Epoch: 905 Loss: 0.14180044829845428
Epoch: 906 Loss: 0.14179874956607819
Epoch: 907 Loss: 0.1417970508337021
Epoch: 908 Loss: 0.14179539680480957
Epoch: 909 Loss: 0.14179371297359467
Epoch: 910 Loss: 0.14179202914237976
Epoch: 911 Loss: 0.14179041981697083
Epoch: 912 Loss: 0.1417887955904007
Epoch: 913 Loss: 0.14178720116615295
Epoch: 914 Loss: 0.14178556203842163
Epoch: 915 Loss: 0.1417839080095291
Epoch: 916 Loss: 0.14178232848644257
Epoch: 917 Loss: 0.14178070425987244
Epoch: 918 Loss: 0.1417791247367859
Epoch: 919 Loss: 0.14177748560905457
Epoch: 920 Loss: 0.1417759358882904
Epoch: 921 Loss: 0.14177437126636505
Epoch: 922 Loss: 0.1417728215456009
Epoch: 923 Loss: 0.1417713314294815
Epoch: 924 Loss: 0.14176984131336212
Epoch: 925 Loss: 0.1417684406042099
Epoch: 926 Loss: 0.14176695048809052
Epoch: 927 Loss: 0.1417655348777771
Epoch: 928 Loss: 0.14176404476165771
Epoch: 929 Loss: 0.14176267385482788
Epoch: 930 Loss: 0.14176127314567566
Epoch: 931 Loss: 0.14175988733768463
Epoch: 932 Loss: 0.14175847172737122
Epoch: 933 Loss: 0.14175711572170258
Epoch: 934 Loss: 0.14175571501255035
Epoch: 935 Loss: 0.1417544037103653
Epoch: 936 Loss: 0.14175304770469666
Epoch: 937 Loss: 0.14175178110599518
Epoch: 938 Loss: 0.1417505145072937
Epoch: 939 Loss: 0.1417492777109146
Epoch: 940 Loss: 0.1417480707168579
Epoch: 941 Loss: 0.1417468637228012
Epoch: 942 Loss: 0.1417457014322281
Epoch: 943 Loss: 0.14174450933933258
Epoch: 944 Loss: 0.14174334704875946
Epoch: 945 Loss: 0.14174216985702515
Epoch: 946 Loss: 0.14174103736877441
Epoch: 947 Loss: 0.14173993468284607
Epoch: 948 Loss: 0.14173874258995056
Epoch: 949 Loss: 0.14173762500286102
Epoch: 950 Loss: 0.14173652231693268
Epoch: 951 Loss: 0.1417354941368103
Epoch: 952 Loss: 0.1417345106601715
Epoch: 953 Loss: 0.14173345267772675
Epoch: 954 Loss: 0.14173246920108795
Epoch: 955 Loss: 0.14173151552677155
Epoch: 956 Loss: 0.14173051714897156
Epoch: 957 Loss: 0.14172956347465515
Epoch: 958 Loss: 0.14172860980033875
Epoch: 959 Loss: 0.14172758162021637
Epoch: 960 Loss: 0.14172665774822235
Epoch: 961 Loss: 0.14172573387622833
Epoch: 962 Loss: 0.14172479510307312
Epoch: 963 Loss: 0.14172394573688507
Epoch: 964 Loss: 0.14172309637069702
Epoch: 965 Loss: 0.1417221873998642
Epoch: 966 Loss: 0.14172135293483734
Epoch: 967 Loss: 0.1417205035686493
Epoch: 968 Loss: 0.14171957969665527
Epoch: 969 Loss: 0.14171874523162842
Epoch: 970 Loss: 0.14171792566776276
Epoch: 971 Loss: 0.1417170614004135
Epoch: 972 Loss: 0.14171628654003143
Epoch: 973 Loss: 0.14171554148197174
Epoch: 974 Loss: 0.14171478152275085
Epoch: 975 Loss: 0.141713947057724
Epoch: 976 Loss: 0.1417132169008255
Epoch: 977 Loss: 0.1417124718427658
Epoch: 978 Loss: 0.14171168208122253
Epoch: 979 Loss: 0.14171093702316284
Epoch: 980 Loss: 0.14171020686626434
Epoch: 981 Loss: 0.14170947670936584
Epoch: 982 Loss: 0.14170871675014496
Epoch: 983 Loss: 0.14170800149440765
Epoch: 984 Loss: 0.14170728623867035
Epoch: 985 Loss: 0.14170658588409424
Epoch: 986 Loss: 0.14170581102371216
Epoch: 987 Loss: 0.14170511066913605
Epoch: 988 Loss: 0.14170439541339874
Epoch: 989 Loss: 0.14170369505882263
Epoch: 990 Loss: 0.14170293509960175
Epoch: 991 Loss: 0.14170221984386444
Epoch: 992 Loss: 0.14170154929161072
Epoch: 993 Loss: 0.1417008489370346
Epoch: 994 Loss: 0.1417001336812973
Epoch: 995 Loss: 0.14169944822788239
Epoch: 996 Loss: 0.14169879257678986
Epoch: 997 Loss: 0.14169813692569733
Epoch: 998 Loss: 0.14169742166996002
Epoch: 999 Loss: 0.1416967809200287
Epoch: 1000 Loss: 0.14169616997241974
Epoch: 1001 Loss: 0.1416955590248108
Epoch: 1002 Loss: 0.14169485867023468
Epoch: 1003 Loss: 0.14169427752494812
Epoch: 1004 Loss: 0.14169369637966156
Epoch: 1005 Loss: 0.141693115234375
Epoch: 1006 Loss: 0.14169257879257202
Epoch: 1007 Loss: 0.14169198274612427
Epoch: 1008 Loss: 0.1416914314031601
Epoch: 1009 Loss: 0.14169088006019592
Epoch: 1010 Loss: 0.14169034361839294
Epoch: 1011 Loss: 0.14168979227542877
Epoch: 1012 Loss: 0.14168918132781982
Epoch: 1013 Loss: 0.14168864488601685
Epoch: 1014 Loss: 0.14168809354305267
Epoch: 1015 Loss: 0.1416875571012497
Epoch: 1016 Loss: 0.14168700575828552
Epoch: 1017 Loss: 0.14168640971183777
Epoch: 1018 Loss: 0.1416858732700348
Epoch: 1019 Loss: 0.14168530702590942
Epoch: 1020 Loss: 0.14168477058410645
Epoch: 1021 Loss: 0.14168421924114227
Epoch: 1022 Loss: 0.1416836380958557
Epoch: 1023 Loss: 0.14168311655521393
Epoch: 1024 Loss: 0.14168259501457214
Epoch: 1025 Loss: 0.14168210327625275
Epoch: 1026 Loss: 0.14168159663677216
Epoch: 1027 Loss: 0.14168104529380798
Epoch: 1028 Loss: 0.14168056845664978
Epoch: 1029 Loss: 0.14168007671833038
Epoch: 1030 Loss: 0.141679584980011
Epoch: 1031 Loss: 0.1416790932416916
Epoch: 1032 Loss: 0.1416786164045334
Epoch: 1033 Loss: 0.14167805016040802
Epoch: 1034 Loss: 0.14167755842208862
Epoch: 1035 Loss: 0.14167706668376923
Epoch: 1036 Loss: 0.14167660474777222
Epoch: 1037 Loss: 0.1416761428117752
Epoch: 1038 Loss: 0.1416756808757782
Epoch: 1039 Loss: 0.1416751742362976
Epoch: 1040 Loss: 0.1416747272014618
Epoch: 1041 Loss: 0.1416742354631424
Epoch: 1042 Loss: 0.14167377352714539
Epoch: 1043 Loss: 0.14167331159114838
Epoch: 1044 Loss: 0.14167289435863495
Epoch: 1045 Loss: 0.14167237281799316
Epoch: 1046 Loss: 0.14167194068431854
Epoch: 1047 Loss: 0.14167152345180511
Epoch: 1048 Loss: 0.14167113602161407
Epoch: 1049 Loss: 0.14167071878910065
Epoch: 1050 Loss: 0.1416703164577484
Epoch: 1051 Loss: 0.1416698545217514
Epoch: 1052 Loss: 0.14166943728923798
Epoch: 1053 Loss: 0.14166904985904694
Epoch: 1054 Loss: 0.14166861772537231
Epoch: 1055 Loss: 0.14166823029518127
Epoch: 1056 Loss: 0.14166787266731262
Epoch: 1057 Loss: 0.14166748523712158
Epoch: 1058 Loss: 0.14166703820228577
Epoch: 1059 Loss: 0.1416666954755783
Epoch: 1060 Loss: 0.14166632294654846
Epoch: 1061 Loss: 0.1416659951210022
Epoch: 1062 Loss: 0.14166565239429474
Epoch: 1063 Loss: 0.14166532456874847
Epoch: 1064 Loss: 0.1416649967432022
Epoch: 1065 Loss: 0.14166468381881714
Epoch: 1066 Loss: 0.1416643112897873
Epoch: 1067 Loss: 0.14166398346424103
Epoch: 1068 Loss: 0.14166367053985596
Epoch: 1069 Loss: 0.14166337251663208
Epoch: 1070 Loss: 0.141663059592247
Epoch: 1071 Loss: 0.14166276156902313
Epoch: 1072 Loss: 0.14166247844696045
Epoch: 1073 Loss: 0.14166216552257538
Epoch: 1074 Loss: 0.1416618525981903
Epoch: 1075 Loss: 0.14166152477264404
Epoch: 1076 Loss: 0.14166119694709778
Epoch: 1077 Loss: 0.1416608989238739
Epoch: 1078 Loss: 0.14166061580181122
Epoch: 1079 Loss: 0.14166031777858734
Epoch: 1080 Loss: 0.14166000485420227
Epoch: 1081 Loss: 0.1416597217321396
Epoch: 1082 Loss: 0.1416594684123993
Epoch: 1083 Loss: 0.141659215092659
Epoch: 1084 Loss: 0.1416589766740799
Epoch: 1085 Loss: 0.14165867865085602
Epoch: 1086 Loss: 0.14165844023227692
Epoch: 1087 Loss: 0.14165817201137543
Epoch: 1088 Loss: 0.14165793359279633
Epoch: 1089 Loss: 0.14165769517421722
Epoch: 1090 Loss: 0.14165744185447693
Epoch: 1091 Loss: 0.14165720343589783
Epoch: 1092 Loss: 0.14165696501731873
Epoch: 1093 Loss: 0.14165671169757843
Epoch: 1094 Loss: 0.14165647327899933
Epoch: 1095 Loss: 0.14165621995925903
Epoch: 1096 Loss: 0.14165592193603516
Epoch: 1097 Loss: 0.14165568351745605
Epoch: 1098 Loss: 0.14165543019771576
Epoch: 1099 Loss: 0.14165519177913666
Epoch: 1100 Loss: 0.14165493845939636
Epoch: 1101 Loss: 0.14165470004081726
Epoch: 1102 Loss: 0.14165444672107697
Epoch: 1103 Loss: 0.14165423810482025
Epoch: 1104 Loss: 0.14165401458740234
Epoch: 1105 Loss: 0.14165380597114563
Epoch: 1106 Loss: 0.14165359735488892
Epoch: 1107 Loss: 0.1416534185409546
Epoch: 1108 Loss: 0.1416531503200531
Epoch: 1109 Loss: 0.14165295660495758
Epoch: 1110 Loss: 0.14165277779102325
Epoch: 1111 Loss: 0.14165259897708893
Epoch: 1112 Loss: 0.1416524052619934
Epoch: 1113 Loss: 0.1416521966457367
Epoch: 1114 Loss: 0.14165201783180237
Epoch: 1115 Loss: 0.14165180921554565
Epoch: 1116 Loss: 0.14165163040161133
Epoch: 1117 Loss: 0.141651451587677
Epoch: 1118 Loss: 0.14165128767490387
Epoch: 1119 Loss: 0.14165110886096954
Epoch: 1120 Loss: 0.1416509598493576
Epoch: 1121 Loss: 0.14165079593658447
Epoch: 1122 Loss: 0.14165066182613373
Epoch: 1123 Loss: 0.1416504681110382
Epoch: 1124 Loss: 0.14165033400058746
Epoch: 1125 Loss: 0.14165019989013672
Epoch: 1126 Loss: 0.14165006577968597
Epoch: 1127 Loss: 0.14164990186691284
Epoch: 1128 Loss: 0.1416497826576233
Epoch: 1129 Loss: 0.14164964854717255
Epoch: 1130 Loss: 0.1416495144367218
Epoch: 1131 Loss: 0.14164938032627106
Epoch: 1132 Loss: 0.1416492611169815
Epoch: 1133 Loss: 0.14164915680885315
Epoch: 1134 Loss: 0.1416490375995636
Epoch: 1135 Loss: 0.14164893329143524
Epoch: 1136 Loss: 0.14164882898330688
Epoch: 1137 Loss: 0.14164872467517853
Epoch: 1138 Loss: 0.14164862036705017
Epoch: 1139 Loss: 0.14164850115776062
Epoch: 1140 Loss: 0.14164838194847107
Epoch: 1141 Loss: 0.1416482925415039
Epoch: 1142 Loss: 0.14164818823337555
Epoch: 1143 Loss: 0.141648069024086
Epoch: 1144 Loss: 0.14164794981479645
Epoch: 1145 Loss: 0.1416478455066681
Epoch: 1146 Loss: 0.14164768159389496
Epoch: 1147 Loss: 0.1416475772857666
Epoch: 1148 Loss: 0.14164747297763824
Epoch: 1149 Loss: 0.1416473388671875
Epoch: 1150 Loss: 0.14164724946022034
Epoch: 1151 Loss: 0.1416471302509308
Epoch: 1152 Loss: 0.14164704084396362
Epoch: 1153 Loss: 0.14164692163467407
Epoch: 1154 Loss: 0.14164681732654572
Epoch: 1155 Loss: 0.14164668321609497
Epoch: 1156 Loss: 0.1416465938091278
Epoch: 1157 Loss: 0.14164648950099945
Epoch: 1158 Loss: 0.1416463702917099
Epoch: 1159 Loss: 0.14164626598358154
Epoch: 1160 Loss: 0.14164616167545319
Epoch: 1161 Loss: 0.14164604246616364
Epoch: 1162 Loss: 0.14164593815803528
Epoch: 1163 Loss: 0.14164581894874573
Epoch: 1164 Loss: 0.14164572954177856
Epoch: 1165 Loss: 0.141645610332489
Epoch: 1166 Loss: 0.14164550602436066
Epoch: 1167 Loss: 0.1416453868150711
Epoch: 1168 Loss: 0.14164526760578156
Epoch: 1169 Loss: 0.1416451781988144
Epoch: 1170 Loss: 0.14164505898952484
Epoch: 1171 Loss: 0.1416449099779129
Epoch: 1172 Loss: 0.14164477586746216
Epoch: 1173 Loss: 0.1416446715593338
Epoch: 1174 Loss: 0.14164456725120544
Epoch: 1175 Loss: 0.14164447784423828
Epoch: 1176 Loss: 0.14164435863494873
Epoch: 1177 Loss: 0.14164423942565918
Epoch: 1178 Loss: 0.14164412021636963
Epoch: 1179 Loss: 0.14164401590824127
Epoch: 1180 Loss: 0.1416439265012741
Epoch: 1181 Loss: 0.14164380729198456
Epoch: 1182 Loss: 0.1416437029838562
Epoch: 1183 Loss: 0.14164359867572784
Epoch: 1184 Loss: 0.1416434794664383
Epoch: 1185 Loss: 0.14164336025714874
Epoch: 1186 Loss: 0.14164325594902039
Epoch: 1187 Loss: 0.14164315164089203
Epoch: 1188 Loss: 0.14164304733276367
Epoch: 1189 Loss: 0.14164291322231293
Epoch: 1190 Loss: 0.14164282381534576
Epoch: 1191 Loss: 0.1416427046060562
Epoch: 1192 Loss: 0.14164261519908905
Epoch: 1193 Loss: 0.1416424810886383
Epoch: 1194 Loss: 0.14164239168167114
Epoch: 1195 Loss: 0.1416422724723816
Epoch: 1196 Loss: 0.14164210855960846
Epoch: 1197 Loss: 0.1416420042514801
Epoch: 1198 Loss: 0.14164189994335175
Epoch: 1199 Loss: 0.1416417956352234
Epoch: 1200 Loss: 0.14164167642593384
Epoch: 1201 Loss: 0.14164157211780548
Epoch: 1202 Loss: 0.14164145290851593
Epoch: 1203 Loss: 0.14164134860038757
Epoch: 1204 Loss: 0.14164122939109802
Epoch: 1205 Loss: 0.14164113998413086
Epoch: 1206 Loss: 0.1416410356760025
Epoch: 1207 Loss: 0.14164090156555176
Epoch: 1208 Loss: 0.1416407823562622
Epoch: 1209 Loss: 0.14164069294929504
Epoch: 1210 Loss: 0.1416405737400055
Epoch: 1211 Loss: 0.14164048433303833
Epoch: 1212 Loss: 0.14164035022258759
Epoch: 1213 Loss: 0.14164024591445923
Epoch: 1214 Loss: 0.14164014160633087
Epoch: 1215 Loss: 0.1416400521993637
Epoch: 1216 Loss: 0.14163993299007416
Epoch: 1217 Loss: 0.1416398137807846
Epoch: 1218 Loss: 0.14163970947265625
Epoch: 1219 Loss: 0.1416396051645279
Epoch: 1220 Loss: 0.14163950085639954
Epoch: 1221 Loss: 0.1416393518447876
Epoch: 1222 Loss: 0.14163923263549805
Epoch: 1223 Loss: 0.14163914322853088
Epoch: 1224 Loss: 0.14163900911808014
Epoch: 1225 Loss: 0.1416388899087906
Epoch: 1226 Loss: 0.14163880050182343
Epoch: 1227 Loss: 0.14163869619369507
Epoch: 1228 Loss: 0.1416385918855667
Epoch: 1229 Loss: 0.14163851737976074
Epoch: 1230 Loss: 0.1416383981704712
Epoch: 1231 Loss: 0.14163833856582642
Epoch: 1232 Loss: 0.14163824915885925
Epoch: 1233 Loss: 0.14163817465305328
Epoch: 1234 Loss: 0.14163810014724731
Epoch: 1235 Loss: 0.14163801074028015
Epoch: 1236 Loss: 0.141637921333313
Epoch: 1237 Loss: 0.14163783192634583
Epoch: 1238 Loss: 0.14163775742053986
Epoch: 1239 Loss: 0.1416376829147339
Epoch: 1240 Loss: 0.14163760840892792
Epoch: 1241 Loss: 0.14163751900196075
Epoch: 1242 Loss: 0.1416374295949936
Epoch: 1243 Loss: 0.14163735508918762
Epoch: 1244 Loss: 0.14163728058338165
Epoch: 1245 Loss: 0.1416371762752533
Epoch: 1246 Loss: 0.14163708686828613
Epoch: 1247 Loss: 0.14163701236248016
Epoch: 1248 Loss: 0.1416369378566742
Epoch: 1249 Loss: 0.14163686335086823
Epoch: 1250 Loss: 0.14163678884506226
Epoch: 1251 Loss: 0.1416366547346115
Epoch: 1252 Loss: 0.14163655042648315
Epoch: 1253 Loss: 0.14163647592067719
Epoch: 1254 Loss: 0.14163640141487122
Epoch: 1255 Loss: 0.14163629710674286
Epoch: 1256 Loss: 0.14163623750209808
Epoch: 1257 Loss: 0.14163616299629211
Epoch: 1258 Loss: 0.14163608849048615
Epoch: 1259 Loss: 0.14163599908351898
Epoch: 1260 Loss: 0.14163589477539062
Epoch: 1261 Loss: 0.14163583517074585
Epoch: 1262 Loss: 0.14163579046726227
Epoch: 1263 Loss: 0.1416357457637787
Epoch: 1264 Loss: 0.1416356861591339
Epoch: 1265 Loss: 0.14163564145565033
Epoch: 1266 Loss: 0.14163558185100555
Epoch: 1267 Loss: 0.14163553714752197
Epoch: 1268 Loss: 0.1416354775428772
Epoch: 1269 Loss: 0.14163541793823242
Epoch: 1270 Loss: 0.14163535833358765
Epoch: 1271 Loss: 0.14163531363010406
Epoch: 1272 Loss: 0.1416352540254593
Epoch: 1273 Loss: 0.14163519442081451
Epoch: 1274 Loss: 0.14163513481616974
Epoch: 1275 Loss: 0.14163509011268616
Epoch: 1276 Loss: 0.14163504540920258
Epoch: 1277 Loss: 0.1416349709033966
Epoch: 1278 Loss: 0.14163492619991302
Epoch: 1279 Loss: 0.14163486659526825
Epoch: 1280 Loss: 0.14163482189178467
Epoch: 1281 Loss: 0.1416347771883011
Epoch: 1282 Loss: 0.1416347175836563
Epoch: 1283 Loss: 0.14163464307785034
Epoch: 1284 Loss: 0.14163459837436676
Epoch: 1285 Loss: 0.14163455367088318
Epoch: 1286 Loss: 0.1416344791650772
Epoch: 1287 Loss: 0.14163443446159363
Epoch: 1288 Loss: 0.14163437485694885
Epoch: 1289 Loss: 0.14163433015346527
Epoch: 1290 Loss: 0.1416342705488205
Epoch: 1291 Loss: 0.14163422584533691
Epoch: 1292 Loss: 0.14163416624069214
Epoch: 1293 Loss: 0.14163412153720856
Epoch: 1294 Loss: 0.1416340470314026
Epoch: 1295 Loss: 0.1416339874267578
Epoch: 1296 Loss: 0.14163394272327423
Epoch: 1297 Loss: 0.14163383841514587
Epoch: 1298 Loss: 0.1416337788105011
Epoch: 1299 Loss: 0.14163373410701752
Epoch: 1300 Loss: 0.14163368940353394
Epoch: 1301 Loss: 0.14163362979888916
Epoch: 1302 Loss: 0.14163358509540558
Epoch: 1303 Loss: 0.1416335105895996
Epoch: 1304 Loss: 0.14163346588611603
Epoch: 1305 Loss: 0.14163340628147125
Epoch: 1306 Loss: 0.14163333177566528
Epoch: 1307 Loss: 0.1416333019733429
Epoch: 1308 Loss: 0.14163324236869812
Epoch: 1309 Loss: 0.14163318276405334
Epoch: 1310 Loss: 0.14163313806056976
Epoch: 1311 Loss: 0.1416330635547638
Epoch: 1312 Loss: 0.1416330188512802
Epoch: 1313 Loss: 0.14163297414779663
Epoch: 1314 Loss: 0.14163291454315186
Epoch: 1315 Loss: 0.14163286983966827
Epoch: 1316 Loss: 0.1416328102350235
Epoch: 1317 Loss: 0.14163276553153992
Epoch: 1318 Loss: 0.14163269102573395
Epoch: 1319 Loss: 0.14163264632225037
Epoch: 1320 Loss: 0.1416325718164444
Epoch: 1321 Loss: 0.14163251221179962
Epoch: 1322 Loss: 0.14163248240947723
Epoch: 1323 Loss: 0.14163242280483246
Epoch: 1324 Loss: 0.14163236320018768
Epoch: 1325 Loss: 0.1416323184967041
Epoch: 1326 Loss: 0.14163227379322052
Epoch: 1327 Loss: 0.14163221418857574
Epoch: 1328 Loss: 0.14163215458393097
Epoch: 1329 Loss: 0.141632080078125
Epoch: 1330 Loss: 0.14163203537464142
Epoch: 1331 Loss: 0.14163199067115784
Epoch: 1332 Loss: 0.14163193106651306
Epoch: 1333 Loss: 0.1416318714618683
Epoch: 1334 Loss: 0.1416318267583847
Epoch: 1335 Loss: 0.14163178205490112
Epoch: 1336 Loss: 0.14163169264793396
Epoch: 1337 Loss: 0.14163166284561157
Epoch: 1338 Loss: 0.1416316032409668
Epoch: 1339 Loss: 0.14163155853748322
Epoch: 1340 Loss: 0.14163149893283844
Epoch: 1341 Loss: 0.14163143932819366
Epoch: 1342 Loss: 0.1416313797235489
Epoch: 1343 Loss: 0.1416313350200653
Epoch: 1344 Loss: 0.14163129031658173
Epoch: 1345 Loss: 0.14163121581077576
Epoch: 1346 Loss: 0.14163117110729218
Epoch: 1347 Loss: 0.14163106679916382
Epoch: 1348 Loss: 0.14163102209568024
Epoch: 1349 Loss: 0.14163094758987427
Epoch: 1350 Loss: 0.14163090288639069
Epoch: 1351 Loss: 0.1416308581829071
Epoch: 1352 Loss: 0.14163081347942352
Epoch: 1353 Loss: 0.14163078367710114
Epoch: 1354 Loss: 0.14163076877593994
Epoch: 1355 Loss: 0.14163072407245636
Epoch: 1356 Loss: 0.14163069427013397
Epoch: 1357 Loss: 0.14163067936897278
Epoch: 1358 Loss: 0.1416306495666504
Epoch: 1359 Loss: 0.141630619764328
Epoch: 1360 Loss: 0.1416306048631668
Epoch: 1361 Loss: 0.14163057506084442
Epoch: 1362 Loss: 0.14163054525852203
Epoch: 1363 Loss: 0.14163051545619965
Epoch: 1364 Loss: 0.14163048565387726
Epoch: 1365 Loss: 0.14163047075271606
Epoch: 1366 Loss: 0.14163044095039368
Epoch: 1367 Loss: 0.1416304111480713
Epoch: 1368 Loss: 0.1416303813457489
Epoch: 1369 Loss: 0.1416303515434265
Epoch: 1370 Loss: 0.14163033664226532
Epoch: 1371 Loss: 0.14163030683994293
Epoch: 1372 Loss: 0.14163026213645935
Epoch: 1373 Loss: 0.14163024723529816
Epoch: 1374 Loss: 0.14163020253181458
Epoch: 1375 Loss: 0.14163018763065338
Epoch: 1376 Loss: 0.141630157828331
Epoch: 1377 Loss: 0.1416301280260086
Epoch: 1378 Loss: 0.14163009822368622
Epoch: 1379 Loss: 0.14163008332252502
Epoch: 1380 Loss: 0.14163003861904144
Epoch: 1381 Loss: 0.14163002371788025
Epoch: 1382 Loss: 0.14162999391555786
Epoch: 1383 Loss: 0.14162996411323547
Epoch: 1384 Loss: 0.14162994921207428
Epoch: 1385 Loss: 0.1416299194097519
Epoch: 1386 Loss: 0.1416298896074295
Epoch: 1387 Loss: 0.14162985980510712
Epoch: 1388 Loss: 0.14162984490394592
Epoch: 1389 Loss: 0.14162980020046234
Epoch: 1390 Loss: 0.14162978529930115
Epoch: 1391 Loss: 0.14162975549697876
Epoch: 1392 Loss: 0.14162972569465637
Epoch: 1393 Loss: 0.14162969589233398
Epoch: 1394 Loss: 0.1416296809911728
Epoch: 1395 Loss: 0.1416296511888504
Epoch: 1396 Loss: 0.14162962138652802
Epoch: 1397 Loss: 0.14162959158420563
Epoch: 1398 Loss: 0.14162954688072205
Epoch: 1399 Loss: 0.14162951707839966
Epoch: 1400 Loss: 0.14162950217723846
Epoch: 1401 Loss: 0.14162947237491608
Epoch: 1402 Loss: 0.14162945747375488
Epoch: 1403 Loss: 0.1416294276714325
Epoch: 1404 Loss: 0.1416293978691101
Epoch: 1405 Loss: 0.14162936806678772
Epoch: 1406 Loss: 0.14162933826446533
Epoch: 1407 Loss: 0.14162930846214294
Epoch: 1408 Loss: 0.14162927865982056
Epoch: 1409 Loss: 0.14162926375865936
Epoch: 1410 Loss: 0.14162923395633698
Epoch: 1411 Loss: 0.14162921905517578
Epoch: 1412 Loss: 0.1416291892528534
Epoch: 1413 Loss: 0.141629159450531
Epoch: 1414 Loss: 0.14162912964820862
Epoch: 1415 Loss: 0.14162909984588623
Epoch: 1416 Loss: 0.14162907004356384
Epoch: 1417 Loss: 0.14162904024124146
Epoch: 1418 Loss: 0.14162902534008026
Epoch: 1419 Loss: 0.14162899553775787
Epoch: 1420 Loss: 0.14162898063659668
Epoch: 1421 Loss: 0.1416289508342743
Epoch: 1422 Loss: 0.1416289061307907
Epoch: 1423 Loss: 0.14162886142730713
Epoch: 1424 Loss: 0.14162884652614594
Epoch: 1425 Loss: 0.14162881672382355
Epoch: 1426 Loss: 0.14162878692150116
Epoch: 1427 Loss: 0.14162877202033997
Epoch: 1428 Loss: 0.14162874221801758
Epoch: 1429 Loss: 0.1416287124156952
Epoch: 1430 Loss: 0.141628697514534
Epoch: 1431 Loss: 0.14162865281105042
Epoch: 1432 Loss: 0.14162863790988922
Epoch: 1433 Loss: 0.14162860810756683
Epoch: 1434 Loss: 0.14162857830524445
Epoch: 1435 Loss: 0.14162854850292206
Epoch: 1436 Loss: 0.14162853360176086
Epoch: 1437 Loss: 0.14162850379943848
Epoch: 1438 Loss: 0.1416284739971161
Epoch: 1439 Loss: 0.1416284590959549
Epoch: 1440 Loss: 0.1416284143924713
Epoch: 1441 Loss: 0.14162839949131012
Epoch: 1442 Loss: 0.14162829518318176
Epoch: 1443 Loss: 0.14162826538085938
Epoch: 1444 Loss: 0.141628235578537
Epoch: 1445 Loss: 0.1416282206773758
Epoch: 1446 Loss: 0.1416281908750534
Epoch: 1447 Loss: 0.14162816107273102
Epoch: 1448 Loss: 0.14162814617156982
Epoch: 1449 Loss: 0.14162811636924744
Epoch: 1450 Loss: 0.14162808656692505
Epoch: 1451 Loss: 0.14162805676460266
Epoch: 1452 Loss: 0.14162802696228027
Epoch: 1453 Loss: 0.14162801206111908
Epoch: 1454 Loss: 0.1416279822587967
Epoch: 1455 Loss: 0.1416279673576355
Epoch: 1456 Loss: 0.14162790775299072
Epoch: 1457 Loss: 0.14162789285182953
Epoch: 1458 Loss: 0.14162786304950714
Epoch: 1459 Loss: 0.14162784814834595
Epoch: 1460 Loss: 0.14162781834602356
Epoch: 1461 Loss: 0.14162778854370117
Epoch: 1462 Loss: 0.14162775874137878
Epoch: 1463 Loss: 0.1416277289390564
Epoch: 1464 Loss: 0.1416277140378952
Epoch: 1465 Loss: 0.14162768423557281
Epoch: 1466 Loss: 0.14162765443325043
Epoch: 1467 Loss: 0.14162762463092804
Epoch: 1468 Loss: 0.14162759482860565
Epoch: 1469 Loss: 0.14162756502628326
Epoch: 1470 Loss: 0.14162753522396088
Epoch: 1471 Loss: 0.14162752032279968
Epoch: 1472 Loss: 0.1416274905204773
Epoch: 1473 Loss: 0.1416274458169937
Epoch: 1474 Loss: 0.14162741601467133
Epoch: 1475 Loss: 0.14162740111351013
Epoch: 1476 Loss: 0.14162737131118774
Epoch: 1477 Loss: 0.14162734150886536
Epoch: 1478 Loss: 0.14162732660770416
Epoch: 1479 Loss: 0.14162729680538177
Epoch: 1480 Loss: 0.1416272670030594
Epoch: 1481 Loss: 0.141627237200737
Epoch: 1482 Loss: 0.1416272073984146
Epoch: 1483 Loss: 0.14162719249725342
Epoch: 1484 Loss: 0.14162716269493103
Epoch: 1485 Loss: 0.14162714779376984
Epoch: 1486 Loss: 0.14162711799144745
Epoch: 1487 Loss: 0.14162708818912506
Epoch: 1488 Loss: 0.14162705838680267
Epoch: 1489 Loss: 0.14162704348564148
Epoch: 1490 Loss: 0.1416269838809967
Epoch: 1491 Loss: 0.14162695407867432
Epoch: 1492 Loss: 0.14162692427635193
Epoch: 1493 Loss: 0.14162689447402954
Epoch: 1494 Loss: 0.14162687957286835
Epoch: 1495 Loss: 0.14162684977054596
Epoch: 1496 Loss: 0.14162683486938477
Epoch: 1497 Loss: 0.14162680506706238
Epoch: 1498 Loss: 0.14162677526474
Epoch: 1499 Loss: 0.1416267454624176
Epoch: 1500 Loss: 0.14162671566009521
Epoch: 1501 Loss: 0.14162670075893402
Epoch: 1502 Loss: 0.14162667095661163
Epoch: 1503 Loss: 0.14162665605545044
Epoch: 1504 Loss: 0.14162662625312805
Epoch: 1505 Loss: 0.14162659645080566
Epoch: 1506 Loss: 0.14162656664848328
Epoch: 1507 Loss: 0.1416265219449997
Epoch: 1508 Loss: 0.1416265070438385
Epoch: 1509 Loss: 0.1416264772415161
Epoch: 1510 Loss: 0.14162644743919373
Epoch: 1511 Loss: 0.14162641763687134
Epoch: 1512 Loss: 0.14162638783454895
Epoch: 1513 Loss: 0.14162635803222656
Epoch: 1514 Loss: 0.14162632822990417
Epoch: 1515 Loss: 0.14162631332874298
Epoch: 1516 Loss: 0.1416262835264206
Epoch: 1517 Loss: 0.1416262537240982
Epoch: 1518 Loss: 0.14162622392177582
Epoch: 1519 Loss: 0.14162620902061462
Epoch: 1520 Loss: 0.14162617921829224
Epoch: 1521 Loss: 0.14162614941596985
Epoch: 1522 Loss: 0.14162613451480865
Epoch: 1523 Loss: 0.14162610471248627
Epoch: 1524 Loss: 0.14162606000900269
Epoch: 1525 Loss: 0.1416260302066803
Epoch: 1526 Loss: 0.1416260153055191
Epoch: 1527 Loss: 0.14162598550319672
Epoch: 1528 Loss: 0.14162595570087433
Epoch: 1529 Loss: 0.14162592589855194
Epoch: 1530 Loss: 0.14162589609622955
Epoch: 1531 Loss: 0.14162588119506836
Epoch: 1532 Loss: 0.14162585139274597
Epoch: 1533 Loss: 0.14162583649158478
Epoch: 1534 Loss: 0.1416258066892624
Epoch: 1535 Loss: 0.14162577688694
Epoch: 1536 Loss: 0.14162573218345642
Epoch: 1537 Loss: 0.14162570238113403
Epoch: 1538 Loss: 0.14162568747997284
Epoch: 1539 Loss: 0.14162567257881165
Epoch: 1540 Loss: 0.14162564277648926
Epoch: 1541 Loss: 0.14162558317184448
Epoch: 1542 Loss: 0.1416255235671997
Epoch: 1543 Loss: 0.14162549376487732
Epoch: 1544 Loss: 0.14162547886371613
Epoch: 1545 Loss: 0.14162544906139374
Epoch: 1546 Loss: 0.14162543416023254
Epoch: 1547 Loss: 0.14162540435791016
Epoch: 1548 Loss: 0.14162537455558777
Epoch: 1549 Loss: 0.1416253298521042
Epoch: 1550 Loss: 0.141625314950943
Epoch: 1551 Loss: 0.1416252851486206
Epoch: 1552 Loss: 0.14162525534629822
Epoch: 1553 Loss: 0.14162522554397583
Epoch: 1554 Loss: 0.14162519574165344
Epoch: 1555 Loss: 0.14162518084049225
Epoch: 1556 Loss: 0.14162515103816986
Epoch: 1557 Loss: 0.14162513613700867
Epoch: 1558 Loss: 0.14162509143352509
Epoch: 1559 Loss: 0.1416250616312027
Epoch: 1560 Loss: 0.1416250318288803
Epoch: 1561 Loss: 0.14162500202655792
Epoch: 1562 Loss: 0.14162498712539673
Epoch: 1563 Loss: 0.14162495732307434
Epoch: 1564 Loss: 0.14162494242191315
Epoch: 1565 Loss: 0.14162491261959076
Epoch: 1566 Loss: 0.14162486791610718
Epoch: 1567 Loss: 0.1416248381137848
Epoch: 1568 Loss: 0.1416248083114624
Epoch: 1569 Loss: 0.1416247934103012
Epoch: 1570 Loss: 0.14162476360797882
Epoch: 1571 Loss: 0.14162473380565643
Epoch: 1572 Loss: 0.14162470400333405
Epoch: 1573 Loss: 0.14162468910217285
Epoch: 1574 Loss: 0.14162467420101166
Epoch: 1575 Loss: 0.14162462949752808
Epoch: 1576 Loss: 0.14162461459636688
Epoch: 1577 Loss: 0.1416245847940445
Epoch: 1578 Loss: 0.1416245549917221
Epoch: 1579 Loss: 0.14162452518939972
Epoch: 1580 Loss: 0.14162451028823853
Epoch: 1581 Loss: 0.14162446558475494
Epoch: 1582 Loss: 0.14162443578243256
Epoch: 1583 Loss: 0.14162439107894897
Epoch: 1584 Loss: 0.1416243612766266
Epoch: 1585 Loss: 0.1416243463754654
Epoch: 1586 Loss: 0.141624316573143
Epoch: 1587 Loss: 0.1416243016719818
Epoch: 1588 Loss: 0.14162427186965942
Epoch: 1589 Loss: 0.14162424206733704
Epoch: 1590 Loss: 0.14162421226501465
Epoch: 1591 Loss: 0.14162418246269226
Epoch: 1592 Loss: 0.14162416756153107
Epoch: 1593 Loss: 0.14162413775920868
Epoch: 1594 Loss: 0.14162412285804749
Epoch: 1595 Loss: 0.1416240930557251
Epoch: 1596 Loss: 0.1416240632534027
Epoch: 1597 Loss: 0.14162403345108032
Epoch: 1598 Loss: 0.14162400364875793
Epoch: 1599 Loss: 0.14162398874759674
Epoch: 1600 Loss: 0.14162394404411316
Epoch: 1601 Loss: 0.14162391424179077
Epoch: 1602 Loss: 0.14162388443946838
Epoch: 1603 Loss: 0.1416238695383072
Epoch: 1604 Loss: 0.1416238397359848
Epoch: 1605 Loss: 0.14162379503250122
Epoch: 1606 Loss: 0.14162378013134003
Epoch: 1607 Loss: 0.14162375032901764
Epoch: 1608 Loss: 0.14162372052669525
Epoch: 1609 Loss: 0.14162369072437286
Epoch: 1610 Loss: 0.14162367582321167
Epoch: 1611 Loss: 0.14162364602088928
Epoch: 1612 Loss: 0.1416236162185669
Epoch: 1613 Loss: 0.1416236013174057
Epoch: 1614 Loss: 0.1416235715150833
Epoch: 1615 Loss: 0.14162354171276093
Epoch: 1616 Loss: 0.14162352681159973
Epoch: 1617 Loss: 0.14162348210811615
Epoch: 1618 Loss: 0.14162345230579376
Epoch: 1619 Loss: 0.14162342250347137
Epoch: 1620 Loss: 0.141623392701149
Epoch: 1621 Loss: 0.1416233628988266
Epoch: 1622 Loss: 0.1416233479976654
Epoch: 1623 Loss: 0.1416233330965042
Epoch: 1624 Loss: 0.14162330329418182
Epoch: 1625 Loss: 0.14162327349185944
Epoch: 1626 Loss: 0.14162324368953705
Epoch: 1627 Loss: 0.14162319898605347
Epoch: 1628 Loss: 0.14162316918373108
Epoch: 1629 Loss: 0.14162315428256989
Epoch: 1630 Loss: 0.1416231393814087
Epoch: 1631 Loss: 0.1416231095790863
Epoch: 1632 Loss: 0.14162307977676392
Epoch: 1633 Loss: 0.14162304997444153
Epoch: 1634 Loss: 0.14162302017211914
Epoch: 1635 Loss: 0.14162297546863556
Epoch: 1636 Loss: 0.14162296056747437
Epoch: 1637 Loss: 0.14162293076515198
Epoch: 1638 Loss: 0.1416229009628296
Epoch: 1639 Loss: 0.1416228860616684
Epoch: 1640 Loss: 0.141622856259346
Epoch: 1641 Loss: 0.14162284135818481
Epoch: 1642 Loss: 0.14162275195121765
Epoch: 1643 Loss: 0.14162272214889526
Epoch: 1644 Loss: 0.14162269234657288
Epoch: 1645 Loss: 0.1416226625442505
Epoch: 1646 Loss: 0.1416226327419281
Epoch: 1647 Loss: 0.1416226178407669
Epoch: 1648 Loss: 0.14162257313728333
Epoch: 1649 Loss: 0.14162255823612213
Epoch: 1650 Loss: 0.14162252843379974
Epoch: 1651 Loss: 0.14162249863147736
Epoch: 1652 Loss: 0.14162246882915497
Epoch: 1653 Loss: 0.14162243902683258
Epoch: 1654 Loss: 0.1416224092245102
Epoch: 1655 Loss: 0.141622394323349
Epoch: 1656 Loss: 0.1416223645210266
Epoch: 1657 Loss: 0.14162234961986542
Epoch: 1658 Loss: 0.14162231981754303
Epoch: 1659 Loss: 0.14162227511405945
Epoch: 1660 Loss: 0.14162224531173706
Epoch: 1661 Loss: 0.14162223041057587
Epoch: 1662 Loss: 0.14162220060825348
Epoch: 1663 Loss: 0.1416221708059311
Epoch: 1664 Loss: 0.1416221410036087
Epoch: 1665 Loss: 0.1416221261024475
Epoch: 1666 Loss: 0.14162209630012512
Epoch: 1667 Loss: 0.14162206649780273
Epoch: 1668 Loss: 0.14162203669548035
Epoch: 1669 Loss: 0.14162202179431915
Epoch: 1670 Loss: 0.14162199199199677
Epoch: 1671 Loss: 0.14162196218967438
Epoch: 1672 Loss: 0.1416219174861908
Epoch: 1673 Loss: 0.1416219025850296
Epoch: 1674 Loss: 0.14162187278270721
Epoch: 1675 Loss: 0.14162184298038483
Epoch: 1676 Loss: 0.14162179827690125
Epoch: 1677 Loss: 0.14162178337574005
Epoch: 1678 Loss: 0.14162175357341766
Epoch: 1679 Loss: 0.14162173867225647
Epoch: 1680 Loss: 0.14162170886993408
Epoch: 1681 Loss: 0.1416216790676117
Epoch: 1682 Loss: 0.1416216492652893
Epoch: 1683 Loss: 0.14162161946296692
Epoch: 1684 Loss: 0.14162158966064453
Epoch: 1685 Loss: 0.14162157475948334
Epoch: 1686 Loss: 0.14162154495716095
Epoch: 1687 Loss: 0.14162153005599976
Epoch: 1688 Loss: 0.14162150025367737
Epoch: 1689 Loss: 0.14162147045135498
Epoch: 1690 Loss: 0.1416214406490326
Epoch: 1691 Loss: 0.1416214108467102
Epoch: 1692 Loss: 0.141621395945549
Epoch: 1693 Loss: 0.14162135124206543
Epoch: 1694 Loss: 0.14162132143974304
Epoch: 1695 Loss: 0.14162129163742065
Epoch: 1696 Loss: 0.14162126183509827
Epoch: 1697 Loss: 0.14162123203277588
Epoch: 1698 Loss: 0.14162121713161469
Epoch: 1699 Loss: 0.1416211873292923
Epoch: 1700 Loss: 0.1416211575269699
Epoch: 1701 Loss: 0.14162112772464752
Epoch: 1702 Loss: 0.14162109792232513
Epoch: 1703 Loss: 0.14162108302116394
Epoch: 1704 Loss: 0.14162105321884155
Epoch: 1705 Loss: 0.14162102341651917
Epoch: 1706 Loss: 0.14162100851535797
Epoch: 1707 Loss: 0.14162097871303558
Epoch: 1708 Loss: 0.1416209489107132
Epoch: 1709 Loss: 0.141620934009552
Epoch: 1710 Loss: 0.14162088930606842
Epoch: 1711 Loss: 0.14162085950374603
Epoch: 1712 Loss: 0.14162082970142365
Epoch: 1713 Loss: 0.14162079989910126
Epoch: 1714 Loss: 0.14162078499794006
Epoch: 1715 Loss: 0.14162077009677887
Epoch: 1716 Loss: 0.14162074029445648
Epoch: 1717 Loss: 0.1416207104921341
Epoch: 1718 Loss: 0.1416206657886505
Epoch: 1719 Loss: 0.14162063598632812
Epoch: 1720 Loss: 0.14162060618400574
Epoch: 1721 Loss: 0.14162057638168335
Epoch: 1722 Loss: 0.14162056148052216
Epoch: 1723 Loss: 0.14162054657936096
Epoch: 1724 Loss: 0.14162051677703857
Epoch: 1725 Loss: 0.1416204869747162
Epoch: 1726 Loss: 0.1416204571723938
Epoch: 1727 Loss: 0.14162041246891022
Epoch: 1728 Loss: 0.14162039756774902
Epoch: 1729 Loss: 0.14162036776542664
Epoch: 1730 Loss: 0.14162033796310425
Epoch: 1731 Loss: 0.14162032306194305
Epoch: 1732 Loss: 0.14162029325962067
Epoch: 1733 Loss: 0.14162027835845947
Epoch: 1734 Loss: 0.14162024855613708
Epoch: 1735 Loss: 0.1416202038526535
Epoch: 1736 Loss: 0.1416201889514923
Epoch: 1737 Loss: 0.14162015914916992
Epoch: 1738 Loss: 0.14162012934684753
Epoch: 1739 Loss: 0.14162011444568634
Epoch: 1740 Loss: 0.14162008464336395
Epoch: 1741 Loss: 0.14162006974220276
Epoch: 1742 Loss: 0.1416199654340744
Epoch: 1743 Loss: 0.1416199654340744
Epoch: 1744 Loss: 0.1416199654340744
Epoch: 1745 Loss: 0.1416199654340744
Epoch: 1746 Loss: 0.1416199654340744
Epoch: 1747 Loss: 0.1416199654340744
Epoch: 1748 Loss: 0.1416199654340744
Epoch: 1749 Loss: 0.1416199654340744
Epoch: 1750 Loss: 0.1416199654340744
Epoch: 1751 Loss: 0.1416199654340744
Epoch: 1752 Loss: 0.1416199654340744
Epoch: 1753 Loss: 0.1416199654340744
Epoch: 1754 Loss: 0.1416199654340744
Epoch: 1755 Loss: 0.1416199654340744
Epoch: 1756 Loss: 0.1416199654340744
Epoch: 1757 Loss: 0.1416199654340744
Epoch: 1758 Loss: 0.1416199654340744
Epoch: 1759 Loss: 0.1416199654340744
Epoch: 1760 Loss: 0.1416199654340744
Epoch: 1761 Loss: 0.1416199654340744
Epoch: 1762 Loss: 0.1416199654340744
Epoch: 1763 Loss: 0.1416199654340744
Epoch: 1764 Loss: 0.1416199654340744
Epoch: 1765 Loss: 0.1416199654340744
Epoch: 1766 Loss: 0.1416199654340744
Epoch: 1767 Loss: 0.1416199654340744
Epoch: 1768 Loss: 0.1416199654340744
Epoch: 1769 Loss: 0.1416199654340744
Epoch: 1770 Loss: 0.1416199654340744
Epoch: 1771 Loss: 0.1416199654340744
Epoch: 1772 Loss: 0.1416199654340744
Epoch: 1773 Loss: 0.1416199654340744
Epoch: 1774 Loss: 0.1416199654340744
Epoch: 1775 Loss: 0.1416199654340744
Epoch: 1776 Loss: 0.1416199654340744
Epoch: 1777 Loss: 0.1416199654340744
Epoch: 1778 Loss: 0.1416199654340744
Epoch: 1779 Loss: 0.1416199654340744
Epoch: 1780 Loss: 0.1416199654340744
Epoch: 1781 Loss: 0.1416199654340744
Epoch: 1782 Loss: 0.1416199654340744
Epoch: 1783 Loss: 0.1416199654340744
Epoch: 1784 Loss: 0.1416199654340744
Epoch: 1785 Loss: 0.1416199654340744
Epoch: 1786 Loss: 0.1416199654340744
Epoch: 1787 Loss: 0.1416199654340744
Epoch: 1788 Loss: 0.1416199654340744
Epoch: 1789 Loss: 0.1416199654340744
Epoch: 1790 Loss: 0.1416199654340744
Epoch: 1791 Loss: 0.1416199654340744
Epoch: 1792 Loss: 0.1416199654340744
Epoch: 1793 Loss: 0.1416199654340744
Epoch: 1794 Loss: 0.1416199654340744
Epoch: 1795 Loss: 0.1416199654340744
Epoch: 1796 Loss: 0.1416199654340744
Epoch: 1797 Loss: 0.1416199654340744
Epoch: 1798 Loss: 0.1416199654340744
Epoch: 1799 Loss: 0.1416199654340744
Epoch: 1800 Loss: 0.1416199654340744
Epoch: 1801 Loss: 0.1416199654340744
Epoch: 1802 Loss: 0.1416199654340744
Epoch: 1803 Loss: 0.1416199654340744
Epoch: 1804 Loss: 0.1416199654340744
Epoch: 1805 Loss: 0.1416199654340744
Epoch: 1806 Loss: 0.1416199654340744
Epoch: 1807 Loss: 0.1416199654340744
Epoch: 1808 Loss: 0.1416199654340744
Epoch: 1809 Loss: 0.1416199654340744
Epoch: 1810 Loss: 0.1416199654340744
Epoch: 1811 Loss: 0.1416199654340744
Epoch: 1812 Loss: 0.1416199654340744
Epoch: 1813 Loss: 0.1416199654340744
Epoch: 1814 Loss: 0.1416199654340744
Epoch: 1815 Loss: 0.1416199654340744
Epoch: 1816 Loss: 0.1416199654340744
Epoch: 1817 Loss: 0.1416199654340744
Epoch: 1818 Loss: 0.1416199654340744
Epoch: 1819 Loss: 0.1416199654340744
Epoch: 1820 Loss: 0.1416199654340744
Epoch: 1821 Loss: 0.1416199654340744
Epoch: 1822 Loss: 0.1416199654340744
Epoch: 1823 Loss: 0.1416199654340744
Epoch: 1824 Loss: 0.1416199654340744
Epoch: 1825 Loss: 0.1416199654340744
Epoch: 1826 Loss: 0.1416199654340744
Epoch: 1827 Loss: 0.1416199654340744
Epoch: 1828 Loss: 0.1416199654340744
Epoch: 1829 Loss: 0.1416199654340744
Epoch: 1830 Loss: 0.1416199654340744
Epoch: 1831 Loss: 0.1416199654340744
Epoch: 1832 Loss: 0.1416199654340744
Epoch: 1833 Loss: 0.1416199654340744
Epoch: 1834 Loss: 0.1416199654340744
Epoch: 1835 Loss: 0.1416199654340744
Epoch: 1836 Loss: 0.1416199654340744
Epoch: 1837 Loss: 0.1416199654340744
Epoch: 1838 Loss: 0.1416199654340744
Epoch: 1839 Loss: 0.1416199654340744
Epoch: 1840 Loss: 0.1416199654340744
Epoch: 1841 Loss: 0.1416199654340744
Epoch: 1842 Loss: 0.1416199654340744
Epoch: 1843 Loss: 0.1416199654340744
Epoch: 1844 Loss: 0.1416199654340744
Epoch: 1845 Loss: 0.1416199654340744
Epoch: 1846 Loss: 0.1416199654340744
Epoch: 1847 Loss: 0.1416199654340744
Epoch: 1848 Loss: 0.1416199654340744
Epoch: 1849 Loss: 0.1416199654340744
Epoch: 1850 Loss: 0.1416199654340744
Epoch: 1851 Loss: 0.1416199654340744
Epoch: 1852 Loss: 0.1416199654340744
Epoch: 1853 Loss: 0.1416199654340744
Epoch: 1854 Loss: 0.1416199654340744
Epoch: 1855 Loss: 0.1416199654340744
Epoch: 1856 Loss: 0.1416199654340744
Epoch: 1857 Loss: 0.1416199654340744
Epoch: 1858 Loss: 0.1416199654340744
Epoch: 1859 Loss: 0.1416199654340744
Epoch: 1860 Loss: 0.1416199654340744
Epoch: 1861 Loss: 0.1416199654340744
Epoch: 1862 Loss: 0.1416199654340744
Epoch: 1863 Loss: 0.1416199654340744
Epoch: 1864 Loss: 0.1416199654340744
Epoch: 1865 Loss: 0.1416199654340744
Epoch: 1866 Loss: 0.1416199654340744
Epoch: 1867 Loss: 0.1416199654340744
Epoch: 1868 Loss: 0.1416199654340744
Epoch: 1869 Loss: 0.1416199654340744
Epoch: 1870 Loss: 0.1416199654340744
Epoch: 1871 Loss: 0.1416199654340744
Epoch: 1872 Loss: 0.1416199654340744
Epoch: 1873 Loss: 0.1416199654340744
Epoch: 1874 Loss: 0.1416199654340744
Epoch: 1875 Loss: 0.1416199654340744
Epoch: 1876 Loss: 0.1416199654340744
Epoch: 1877 Loss: 0.1416199654340744
Epoch: 1878 Loss: 0.1416199654340744
Epoch: 1879 Loss: 0.1416199654340744
Epoch: 1880 Loss: 0.1416199654340744
Epoch: 1881 Loss: 0.1416199654340744
Epoch: 1882 Loss: 0.1416199654340744
Epoch: 1883 Loss: 0.1416199654340744
Epoch: 1884 Loss: 0.1416199654340744
Epoch: 1885 Loss: 0.1416199654340744
Epoch: 1886 Loss: 0.1416199654340744
Epoch: 1887 Loss: 0.1416199654340744
Epoch: 1888 Loss: 0.1416199654340744
Epoch: 1889 Loss: 0.1416199654340744
Epoch: 1890 Loss: 0.1416199654340744
Epoch: 1891 Loss: 0.1416199654340744
Epoch: 1892 Loss: 0.1416199654340744
Epoch: 1893 Loss: 0.1416199654340744
Epoch: 1894 Loss: 0.1416199654340744
Epoch: 1895 Loss: 0.1416199654340744
Epoch: 1896 Loss: 0.1416199654340744
Epoch: 1897 Loss: 0.1416199654340744
Epoch: 1898 Loss: 0.1416199654340744
Epoch: 1899 Loss: 0.1416199654340744
Epoch: 1900 Loss: 0.1416199654340744
Epoch: 1901 Loss: 0.1416199654340744
Epoch: 1902 Loss: 0.1416199654340744
Epoch: 1903 Loss: 0.1416199654340744
Epoch: 1904 Loss: 0.1416199654340744
Epoch: 1905 Loss: 0.1416199654340744
Epoch: 1906 Loss: 0.1416199654340744
Epoch: 1907 Loss: 0.1416199654340744
Epoch: 1908 Loss: 0.1416199654340744
Epoch: 1909 Loss: 0.1416199654340744
Epoch: 1910 Loss: 0.1416199654340744
Epoch: 1911 Loss: 0.1416199654340744
Epoch: 1912 Loss: 0.1416199654340744
Epoch: 1913 Loss: 0.1416199654340744
Epoch: 1914 Loss: 0.1416199654340744
Epoch: 1915 Loss: 0.1416199654340744
Epoch: 1916 Loss: 0.1416199654340744
Epoch: 1917 Loss: 0.1416199654340744
Epoch: 1918 Loss: 0.1416199654340744
Epoch: 1919 Loss: 0.1416199654340744
Epoch: 1920 Loss: 0.1416199654340744
Epoch: 1921 Loss: 0.1416199654340744
Epoch: 1922 Loss: 0.1416199654340744
Epoch: 1923 Loss: 0.1416199654340744
Epoch: 1924 Loss: 0.1416199654340744
Epoch: 1925 Loss: 0.1416199654340744
Epoch: 1926 Loss: 0.1416199654340744
Epoch: 1927 Loss: 0.1416199654340744
Epoch: 1928 Loss: 0.1416199654340744
Epoch: 1929 Loss: 0.1416199654340744
Epoch: 1930 Loss: 0.1416199654340744
Epoch: 1931 Loss: 0.1416199654340744
Epoch: 1932 Loss: 0.1416199654340744
Epoch: 1933 Loss: 0.1416199654340744
Epoch: 1934 Loss: 0.1416199654340744
Epoch: 1935 Loss: 0.1416199654340744
Epoch: 1936 Loss: 0.1416199654340744
Epoch: 1937 Loss: 0.1416199654340744
Epoch: 1938 Loss: 0.1416199654340744
Epoch: 1939 Loss: 0.1416199654340744
Epoch: 1940 Loss: 0.1416199654340744
Epoch: 1941 Loss: 0.1416199654340744
Epoch: 1942 Loss: 0.1416199654340744
Epoch: 1943 Loss: 0.1416199654340744
Epoch: 1944 Loss: 0.1416199654340744
Epoch: 1945 Loss: 0.1416199654340744
Epoch: 1946 Loss: 0.1416199654340744
Epoch: 1947 Loss: 0.1416199654340744
Epoch: 1948 Loss: 0.1416199654340744
Epoch: 1949 Loss: 0.1416199654340744
Epoch: 1950 Loss: 0.1416199654340744
Epoch: 1951 Loss: 0.1416199654340744
Epoch: 1952 Loss: 0.1416199654340744
Epoch: 1953 Loss: 0.1416199654340744
Epoch: 1954 Loss: 0.1416199654340744
Epoch: 1955 Loss: 0.1416199654340744
Epoch: 1956 Loss: 0.1416199654340744
Epoch: 1957 Loss: 0.1416199654340744
Epoch: 1958 Loss: 0.1416199654340744
Epoch: 1959 Loss: 0.1416199654340744
Epoch: 1960 Loss: 0.1416199654340744
Epoch: 1961 Loss: 0.1416199654340744
Epoch: 1962 Loss: 0.1416199654340744
Epoch: 1963 Loss: 0.1416199654340744
Epoch: 1964 Loss: 0.1416199654340744
Epoch: 1965 Loss: 0.1416199654340744
Epoch: 1966 Loss: 0.1416199654340744
Epoch: 1967 Loss: 0.1416199654340744
Epoch: 1968 Loss: 0.1416199654340744
Epoch: 1969 Loss: 0.1416199654340744
Epoch: 1970 Loss: 0.1416199654340744
Epoch: 1971 Loss: 0.1416199654340744
Epoch: 1972 Loss: 0.1416199654340744
Epoch: 1973 Loss: 0.1416199654340744
Epoch: 1974 Loss: 0.1416199654340744
Epoch: 1975 Loss: 0.1416199654340744
Epoch: 1976 Loss: 0.1416199654340744
Epoch: 1977 Loss: 0.1416199654340744
Epoch: 1978 Loss: 0.1416199654340744
Epoch: 1979 Loss: 0.1416199654340744
Epoch: 1980 Loss: 0.1416199654340744
Epoch: 1981 Loss: 0.1416199654340744
Epoch: 1982 Loss: 0.1416199654340744
Epoch: 1983 Loss: 0.1416199654340744
Epoch: 1984 Loss: 0.1416199654340744
Epoch: 1985 Loss: 0.1416199654340744
Epoch: 1986 Loss: 0.1416199654340744
Epoch: 1987 Loss: 0.1416199654340744
Epoch: 1988 Loss: 0.1416199654340744
Epoch: 1989 Loss: 0.1416199654340744
Epoch: 1990 Loss: 0.1416199654340744
Epoch: 1991 Loss: 0.1416199654340744
Epoch: 1992 Loss: 0.1416199654340744
Epoch: 1993 Loss: 0.1416199654340744
Epoch: 1994 Loss: 0.1416199654340744
Epoch: 1995 Loss: 0.1416199654340744
Epoch: 1996 Loss: 0.1416199654340744
Epoch: 1997 Loss: 0.1416199654340744
Epoch: 1998 Loss: 0.1416199654340744
Epoch: 1999 Loss: 0.1416199654340744

09:27:18.115 [info] TfrtCpuClient created.
Loading samples from file

09:27:18.912 [debug] Forwarding options: [client: :cuda] to JIT compiler

09:27:18.981 [info] successful NUMA node read from SysFS had negative value (-1), but there must be at least one NUMA node, so returning NUMA node zero

09:27:18.981 [info] XLA service 0x7f4b9c3379c0 initialized for platform CUDA (this does not guarantee that XLA will be used). Devices:

09:27:18.981 [info]   StreamExecutor device (0): NVIDIA GeForce RTX 2060, Compute Capability 7.5

09:27:18.981 [info] Using BFC allocator.

09:27:18.981 [info] XLA backend allocating 5507422617 bytes on device 0 for BFCAllocator.
Epoch: 0 Loss: 0.14161422848701477
Epoch: 1 Loss: 0.14161472022533417
Epoch: 2 Loss: 0.1416151523590088
Epoch: 3 Loss: 0.1416155993938446
Epoch: 4 Loss: 0.14161603152751923
Epoch: 5 Loss: 0.14161646366119385
Epoch: 6 Loss: 0.14161691069602966
Epoch: 7 Loss: 0.14161740243434906
Epoch: 8 Loss: 0.1416178196668625
Epoch: 9 Loss: 0.1416182667016983
Epoch: 10 Loss: 0.14161869883537292
Epoch: 11 Loss: 0.14161914587020874
Epoch: 12 Loss: 0.14161957800388336
Epoch: 13 Loss: 0.14162008464336395
Epoch: 14 Loss: 0.14162051677703857
Epoch: 15 Loss: 0.1416209489107132
Epoch: 16 Loss: 0.141621395945549
Epoch: 17 Loss: 0.14162179827690125
Epoch: 18 Loss: 0.14162224531173706
Epoch: 19 Loss: 0.14162269234657288
Epoch: 20 Loss: 0.14162316918373108
Epoch: 21 Loss: 0.1416236162185669
Epoch: 22 Loss: 0.1416240632534027
Epoch: 23 Loss: 0.14162451028823853
Epoch: 24 Loss: 0.14162494242191315
Epoch: 25 Loss: 0.14162537455558777
Epoch: 26 Loss: 0.14162585139274597
Epoch: 27 Loss: 0.1416262835264206
Epoch: 28 Loss: 0.14162671566009521
Epoch: 29 Loss: 0.14162716269493103
Epoch: 30 Loss: 0.14162759482860565
Epoch: 31 Loss: 0.14162802696228027
Epoch: 32 Loss: 0.14162853360176086

09:29:41.086 [notice] SIGTERM received - shutting down


09:29:51.467 [info] TfrtCpuClient created.
Loading samples from file

09:29:52.269 [debug] Forwarding options: [client: :cuda] to JIT compiler

09:29:52.354 [info] successful NUMA node read from SysFS had negative value (-1), but there must be at least one NUMA node, so returning NUMA node zero

09:29:52.354 [info] XLA service 0x7fecf008ade0 initialized for platform CUDA (this does not guarantee that XLA will be used). Devices:

09:29:52.354 [info]   StreamExecutor device (0): NVIDIA GeForce RTX 2060, Compute Capability 7.5

09:29:52.355 [info] Using BFC allocator.

09:29:52.355 [info] XLA backend allocating 5507422617 bytes on device 0 for BFCAllocator.
Epoch: 0 Loss: 0.03549696132540703
Epoch: 1 Loss: 0.03549696132540703
Epoch: 2 Loss: 0.03549696132540703
Epoch: 3 Loss: 0.03549696132540703
Epoch: 4 Loss: 0.03549696132540703
Epoch: 5 Loss: 0.03549696132540703
Epoch: 6 Loss: 0.03549696132540703
Epoch: 7 Loss: 0.03549696132540703
Epoch: 8 Loss: 0.03549696132540703
Epoch: 9 Loss: 0.03549696132540703
Epoch: 10 Loss: 0.03549696132540703
Epoch: 11 Loss: 0.03549696132540703
Epoch: 12 Loss: 0.03549696132540703
Epoch: 13 Loss: 0.03549696132540703
Epoch: 14 Loss: 0.03549696132540703
Epoch: 15 Loss: 0.03549696132540703
Epoch: 16 Loss: 0.03549696132540703
Epoch: 17 Loss: 0.03549696132540703
Epoch: 18 Loss: 0.03549696132540703
Epoch: 19 Loss: 0.03549696132540703
Epoch: 20 Loss: 0.03549696132540703
Epoch: 21 Loss: 0.03549696132540703
Epoch: 22 Loss: 0.03549696132540703
Epoch: 23 Loss: 0.03549696132540703
Epoch: 24 Loss: 0.03549696132540703

09:32:36.494 [notice] SIGTERM received - shutting down


09:32:40.262 [info] TfrtCpuClient created.
Loading samples from file

09:32:41.062 [debug] Forwarding options: [client: :cuda] to JIT compiler

09:32:41.137 [info] successful NUMA node read from SysFS had negative value (-1), but there must be at least one NUMA node, so returning NUMA node zero

09:32:41.137 [info] XLA service 0x7f33a8183140 initialized for platform CUDA (this does not guarantee that XLA will be used). Devices:

09:32:41.137 [info]   StreamExecutor device (0): NVIDIA GeForce RTX 2060, Compute Capability 7.5

09:32:41.138 [info] Using BFC allocator.

09:32:41.138 [info] XLA backend allocating 5507422617 bytes on device 0 for BFCAllocator.
Epoch: 0 Loss: 0.14144836366176605
Epoch: 1 Loss: 0.1416216790676117
Epoch: 2 Loss: 0.1417982280254364
Epoch: 3 Loss: 0.14197492599487305
Epoch: 4 Loss: 0.14215116202831268
Epoch: 5 Loss: 0.1423269361257553
Epoch: 6 Loss: 0.14250153303146362
Epoch: 7 Loss: 0.14267484843730927
Epoch: 8 Loss: 0.14284688234329224
Epoch: 9 Loss: 0.14301732182502747
Epoch: 10 Loss: 0.14318637549877167
Epoch: 11 Loss: 0.14335434138774872
Epoch: 12 Loss: 0.1435208022594452
Epoch: 13 Loss: 0.14368608593940735
Epoch: 14 Loss: 0.1438501924276352
Epoch: 15 Loss: 0.14401313662528992
Epoch: 16 Loss: 0.14417463541030884
Epoch: 17 Loss: 0.14433503150939941
Epoch: 18 Loss: 0.14449410140514374
Epoch: 19 Loss: 0.14465242624282837
Epoch: 20 Loss: 0.1448100507259369
Epoch: 21 Loss: 0.14496631920337677
Epoch: 22 Loss: 0.14512158930301666
Epoch: 23 Loss: 0.14527527987957

09:34:34.436 [notice] SIGTERM received - shutting down


09:34:37.522 [info] TfrtCpuClient created.
Loading samples from file

09:34:38.318 [debug] Forwarding options: [client: :cuda] to JIT compiler

09:34:38.377 [info] successful NUMA node read from SysFS had negative value (-1), but there must be at least one NUMA node, so returning NUMA node zero

09:34:38.377 [info] XLA service 0x7f803c06ad10 initialized for platform CUDA (this does not guarantee that XLA will be used). Devices:

09:34:38.377 [info]   StreamExecutor device (0): NVIDIA GeForce RTX 2060, Compute Capability 7.5

09:34:38.377 [info] Using BFC allocator.

09:34:38.377 [info] XLA backend allocating 5507422617 bytes on device 0 for BFCAllocator.
Epoch: 0 Loss: 0.14161530137062073
Epoch: 1 Loss: 0.1416167914867401
Epoch: 2 Loss: 0.14161835610866547
Epoch: 3 Loss: 0.14161987602710724
Epoch: 4 Loss: 0.14162147045135498
Epoch: 5 Loss: 0.14162304997444153
Epoch: 6 Loss: 0.1416245847940445
Epoch: 7 Loss: 0.14162614941596985
Epoch: 8 Loss: 0.14162768423557281
Epoch: 9 Loss: 0.14162926375865936
Epoch: 10 Loss: 0.14163078367710114
Epoch: 11 Loss: 0.14163236320018768
Epoch: 12 Loss: 0.14163394272327423
Epoch: 13 Loss: 0.1416354775428772
Epoch: 14 Loss: 0.14163704216480255
Epoch: 15 Loss: 0.1416385918855667
Epoch: 16 Loss: 0.14164014160633087

09:35:52.814 [notice] SIGTERM received - shutting down


09:35:57.257 [info] TfrtCpuClient created.
Loading samples from file

09:35:58.054 [debug] Forwarding options: [client: :cuda] to JIT compiler

09:35:58.122 [info] successful NUMA node read from SysFS had negative value (-1), but there must be at least one NUMA node, so returning NUMA node zero

09:35:58.122 [info] XLA service 0x7fd5a000d8f0 initialized for platform CUDA (this does not guarantee that XLA will be used). Devices:

09:35:58.122 [info]   StreamExecutor device (0): NVIDIA GeForce RTX 2060, Compute Capability 7.5

09:35:58.123 [info] Using BFC allocator.

09:35:58.123 [info] XLA backend allocating 5507422617 bytes on device 0 for BFCAllocator.
Epoch: 0 Loss: 0.03549610450863838
Epoch: 1 Loss: 0.03549548611044884
Epoch: 2 Loss: 0.035494860261678696
Epoch: 3 Loss: 0.035494156181812286

09:36:29.744 [notice] SIGTERM received - shutting down


09:36:33.069 [info] TfrtCpuClient created.
Loading samples from file

09:36:33.871 [debug] Forwarding options: [client: :cuda] to JIT compiler

09:36:33.943 [info] successful NUMA node read from SysFS had negative value (-1), but there must be at least one NUMA node, so returning NUMA node zero

09:36:33.943 [info] XLA service 0x7f7b880643c0 initialized for platform CUDA (this does not guarantee that XLA will be used). Devices:

09:36:33.943 [info]   StreamExecutor device (0): NVIDIA GeForce RTX 2060, Compute Capability 7.5

09:36:33.943 [info] Using BFC allocator.

09:36:33.943 [info] XLA backend allocating 5507422617 bytes on device 0 for BFCAllocator.
Epoch: 0 Loss: 1.0099256038665771

09:36:45.947 [notice] SIGTERM received - shutting down


09:36:48.911 [info] TfrtCpuClient created.
Loading samples from file

09:36:49.709 [debug] Forwarding options: [client: :cuda] to JIT compiler

09:36:49.779 [info] successful NUMA node read from SysFS had negative value (-1), but there must be at least one NUMA node, so returning NUMA node zero

09:36:49.779 [info] XLA service 0x7f4960066320 initialized for platform CUDA (this does not guarantee that XLA will be used). Devices:

09:36:49.779 [info]   StreamExecutor device (0): NVIDIA GeForce RTX 2060, Compute Capability 7.5

09:36:49.780 [info] Using BFC allocator.

09:36:49.780 [info] XLA backend allocating 5507422617 bytes on device 0 for BFCAllocator.
Epoch: 0 Loss: 0.9465986490249634
Epoch: 1 Loss: 0.8914607167243958
Epoch: 2 Loss: 0.841005802154541
Epoch: 3 Loss: 0.7948673963546753
Epoch: 4 Loss: 0.7527074813842773
Epoch: 5 Loss: 0.7141991853713989
Epoch: 6 Loss: 0.679039716720581
Epoch: 7 Loss: 0.6469486951828003

09:38:07.679 [notice] SIGTERM received - shutting down


09:38:14.399 [info] TfrtCpuClient created.
Loading samples from file

09:38:15.202 [debug] Forwarding options: [client: :cuda] to JIT compiler

09:38:15.270 [info] successful NUMA node read from SysFS had negative value (-1), but there must be at least one NUMA node, so returning NUMA node zero

09:38:15.270 [info] XLA service 0x7f6ee847c400 initialized for platform CUDA (this does not guarantee that XLA will be used). Devices:

09:38:15.270 [info]   StreamExecutor device (0): NVIDIA GeForce RTX 2060, Compute Capability 7.5

09:38:15.270 [info] Using BFC allocator.

09:38:15.270 [info] XLA backend allocating 5507422617 bytes on device 0 for BFCAllocator.
Epoch: 0 Loss: 0.9465986490249634
Epoch: 1 Loss: 0.8914607167243958
Epoch: 2 Loss: 0.841005802154541
Epoch: 3 Loss: 0.7948673963546753
Epoch: 4 Loss: 0.7527074813842773
Epoch: 5 Loss: 0.7141991853713989
Epoch: 6 Loss: 0.679039716720581
Epoch: 7 Loss: 0.6469486951828003
Epoch: 8 Loss: 0.61766517162323
Epoch: 9 Loss: 0.5909479856491089
Epoch: 10 Loss: 0.5665736794471741
Epoch: 11 Loss: 0.5443379282951355
Epoch: 12 Loss: 0.5240544080734253
Epoch: 13 Loss: 0.5055457353591919
Epoch: 14 Loss: 0.48865166306495667
Epoch: 15 Loss: 0.4732322692871094
Epoch: 16 Loss: 0.45915496349334717
Epoch: 17 Loss: 0.44629842042922974
Epoch: 18 Loss: 0.43455493450164795
Epoch: 19 Loss: 0.42382490634918213
Epoch: 20 Loss: 0.414015531539917
Epoch: 21 Loss: 0.4050487279891968
Epoch: 22 Loss: 0.3968510329723358
Epoch: 23 Loss: 0.38934874534606934
Epoch: 24 Loss: 0.3824855387210846
Epoch: 25 Loss: 0.376202791929245
Epoch: 26 Loss: 0.3704488277435303
Epoch: 27 Loss: 0.36518025398254395
Epoch: 28 Loss: 0.36035245656967163
Epoch: 29 Loss: 0.3559299111366272
Epoch: 30 Loss: 0.3518771827220917
Epoch: 31 Loss: 0.3481611907482147
Epoch: 32 Loss: 0.3447519540786743
Epoch: 33 Loss: 0.3416246175765991
Epoch: 34 Loss: 0.3387545943260193
Epoch: 35 Loss: 0.33612489700317383
Epoch: 36 Loss: 0.33370840549468994
Epoch: 37 Loss: 0.3314933180809021
Epoch: 38 Loss: 0.329459547996521
Epoch: 39 Loss: 0.32759106159210205
Epoch: 40 Loss: 0.32587605714797974
Epoch: 41 Loss: 0.32430168986320496
Epoch: 42 Loss: 0.3228541314601898
Epoch: 43 Loss: 0.32152387499809265
Epoch: 44 Loss: 0.3203040659427643
Epoch: 45 Loss: 0.31918323040008545
Epoch: 46 Loss: 0.31815239787101746
Epoch: 47 Loss: 0.317202627658844
Epoch: 48 Loss: 0.3163314461708069
Epoch: 49 Loss: 0.31553298234939575
Epoch: 50 Loss: 0.31479907035827637
Epoch: 51 Loss: 0.3141249716281891
Epoch: 52 Loss: 0.3135032057762146
Epoch: 53 Loss: 0.312932550907135
Epoch: 54 Loss: 0.3124079704284668
Epoch: 55 Loss: 0.31192463636398315
Epoch: 56 Loss: 0.3114793002605438
Epoch: 57 Loss: 0.3110709488391876
Epoch: 58 Loss: 0.31069493293762207
Epoch: 59 Loss: 0.3103485703468323
Epoch: 60 Loss: 0.3100302517414093
Epoch: 61 Loss: 0.3097394108772278
Epoch: 62 Loss: 0.3094720244407654
Epoch: 63 Loss: 0.30922752618789673
Epoch: 64 Loss: 0.3090011477470398
Epoch: 65 Loss: 0.30879315733909607
Epoch: 66 Loss: 0.3086021840572357
Epoch: 67 Loss: 0.30842697620391846
Epoch: 68 Loss: 0.30826592445373535
Epoch: 69 Loss: 0.30811816453933716
Epoch: 70 Loss: 0.3079816401004791
Epoch: 71 Loss: 0.3078572750091553
Epoch: 72 Loss: 0.30774202942848206
Epoch: 73 Loss: 0.30763542652130127
Epoch: 74 Loss: 0.3075374960899353
Epoch: 75 Loss: 0.30744853615760803
Epoch: 76 Loss: 0.30736690759658813
Epoch: 77 Loss: 0.307292103767395
Epoch: 78 Loss: 0.307223379611969
Epoch: 79 Loss: 0.30715981125831604
Epoch: 80 Loss: 0.3071008324623108
Epoch: 81 Loss: 0.30704620480537415
Epoch: 82 Loss: 0.30699706077575684
Epoch: 83 Loss: 0.30695194005966187
Epoch: 84 Loss: 0.3069099485874176
Epoch: 85 Loss: 0.3068711459636688
Epoch: 86 Loss: 0.3068355321884155
Epoch: 87 Loss: 0.30680251121520996
Epoch: 88 Loss: 0.30677133798599243
Epoch: 89 Loss: 0.3067423403263092
Epoch: 90 Loss: 0.30671578645706177
Epoch: 91 Loss: 0.3066914975643158
Epoch: 92 Loss: 0.30666863918304443
Epoch: 93 Loss: 0.30664771795272827
Epoch: 94 Loss: 0.3066287338733673
Epoch: 95 Loss: 0.30661165714263916
Epoch: 96 Loss: 0.3065953254699707
Epoch: 97 Loss: 0.3065802752971649
Epoch: 98 Loss: 0.30656638741493225
Epoch: 99 Loss: 0.30655401945114136
Epoch: 100 Loss: 0.3065425455570221
Epoch: 101 Loss: 0.30653154850006104
Epoch: 102 Loss: 0.3065215051174164
Epoch: 103 Loss: 0.30651217699050903
Epoch: 104 Loss: 0.3065035939216614
Epoch: 105 Loss: 0.3064954876899719
Epoch: 106 Loss: 0.30648812651634216
Epoch: 107 Loss: 0.3064812421798706
Epoch: 108 Loss: 0.3064749240875244
Epoch: 109 Loss: 0.3064691126346588
Epoch: 110 Loss: 0.30646389722824097
Epoch: 111 Loss: 0.3064589202404022
Epoch: 112 Loss: 0.3064545691013336
Epoch: 113 Loss: 0.3064504861831665
Epoch: 114 Loss: 0.3064465820789337
Epoch: 115 Loss: 0.30644288659095764
Epoch: 116 Loss: 0.30643945932388306
Epoch: 117 Loss: 0.30643630027770996
Epoch: 118 Loss: 0.30643337965011597
Epoch: 119 Loss: 0.30643072724342346
Epoch: 120 Loss: 0.3064282536506653
Epoch: 121 Loss: 0.3064259886741638
Epoch: 122 Loss: 0.30642378330230713
Epoch: 123 Loss: 0.30642169713974
Epoch: 124 Loss: 0.30641961097717285
Epoch: 125 Loss: 0.30641770362854004
Epoch: 126 Loss: 0.306415855884552
Epoch: 127 Loss: 0.3064144253730774
Epoch: 128 Loss: 0.3064129948616028
Epoch: 129 Loss: 0.3064115643501282
Epoch: 130 Loss: 0.3064102530479431
Epoch: 131 Loss: 0.30640897154808044
Epoch: 132 Loss: 0.30640771985054016
Epoch: 133 Loss: 0.30640658736228943
Epoch: 134 Loss: 0.3064054846763611
Epoch: 135 Loss: 0.3064044415950775
Epoch: 136 Loss: 0.3064034581184387
Epoch: 137 Loss: 0.3064025938510895
Epoch: 138 Loss: 0.30640169978141785
Epoch: 139 Loss: 0.3064008951187134
Epoch: 140 Loss: 0.3064001500606537
Epoch: 141 Loss: 0.30639955401420593
Epoch: 142 Loss: 0.3063989579677582
Epoch: 143 Loss: 0.3063984215259552
Epoch: 144 Loss: 0.30639806389808655
Epoch: 145 Loss: 0.30639776587486267
Epoch: 146 Loss: 0.3063974678516388
Epoch: 147 Loss: 0.3063972294330597
Epoch: 148 Loss: 0.3063969910144806
Epoch: 149 Loss: 0.3063967525959015
Epoch: 150 Loss: 0.30639663338661194
Epoch: 151 Loss: 0.3063965141773224
Epoch: 152 Loss: 0.3063964247703552
Epoch: 153 Loss: 0.3063962757587433
Epoch: 154 Loss: 0.30639615654945374
Epoch: 155 Loss: 0.3063960671424866
Epoch: 156 Loss: 0.30639591813087463
Epoch: 157 Loss: 0.3063957989215851
Epoch: 158 Loss: 0.30639567971229553
Epoch: 159 Loss: 0.306395560503006
Epoch: 160 Loss: 0.3063955008983612
Epoch: 161 Loss: 0.30639538168907166
Epoch: 162 Loss: 0.30639538168907166
Epoch: 163 Loss: 0.30639538168907166
Epoch: 164 Loss: 0.30639538168907166
Epoch: 165 Loss: 0.30639538168907166
Epoch: 166 Loss: 0.30639538168907166
Epoch: 167 Loss: 0.30639538168907166
Epoch: 168 Loss: 0.30639538168907166
Epoch: 169 Loss: 0.30639538168907166
Epoch: 170 Loss: 0.30639538168907166
Epoch: 171 Loss: 0.30639538168907166
Epoch: 172 Loss: 0.30639538168907166

10:03:16.615 [notice] SIGTERM received - shutting down


10:03:25.903 [info] TfrtCpuClient created.
Loading samples from file

10:03:26.702 [debug] Forwarding options: [client: :cuda] to JIT compiler

10:03:26.775 [info] successful NUMA node read from SysFS had negative value (-1), but there must be at least one NUMA node, so returning NUMA node zero

10:03:26.775 [info] XLA service 0x7f3e00681ec0 initialized for platform CUDA (this does not guarantee that XLA will be used). Devices:

10:03:26.775 [info]   StreamExecutor device (0): NVIDIA GeForce RTX 2060, Compute Capability 7.5

10:03:26.775 [info] Using BFC allocator.

10:03:26.775 [info] XLA backend allocating 5507422617 bytes on device 0 for BFCAllocator.
Epoch: 0 Loss: 0.9465986490249634
Epoch: 1 Loss: 0.8914607167243958
Epoch: 2 Loss: 0.841005802154541
Epoch: 3 Loss: 0.7948673963546753
Epoch: 4 Loss: 0.7527074813842773
Epoch: 5 Loss: 0.7141991853713989
Epoch: 6 Loss: 0.679039716720581
Epoch: 7 Loss: 0.6469486951828003
Epoch: 8 Loss: 0.61766517162323
Epoch: 9 Loss: 0.5909479856491089
Epoch: 10 Loss: 0.5665736794471741
Epoch: 11 Loss: 0.5443379282951355
Epoch: 12 Loss: 0.5240544080734253
Epoch: 13 Loss: 0.5055457353591919
Epoch: 14 Loss: 0.48865166306495667
Epoch: 15 Loss: 0.4732322692871094
Epoch: 16 Loss: 0.45915496349334717
Epoch: 17 Loss: 0.44629842042922974
Epoch: 18 Loss: 0.43455493450164795
Epoch: 19 Loss: 0.42382490634918213
Epoch: 20 Loss: 0.414015531539917
Epoch: 21 Loss: 0.4050487279891968
Epoch: 22 Loss: 0.3968510329723358
Epoch: 23 Loss: 0.38934874534606934
Epoch: 24 Loss: 0.3824855387210846
Epoch: 25 Loss: 0.376202791929245
Epoch: 26 Loss: 0.3704488277435303
Epoch: 27 Loss: 0.36518025398254395
Epoch: 28 Loss: 0.36035245656967163
Epoch: 29 Loss: 0.3559299111366272
Epoch: 30 Loss: 0.3518771827220917
Epoch: 31 Loss: 0.3481611907482147
Epoch: 32 Loss: 0.3447519540786743
Epoch: 33 Loss: 0.3416246175765991
Epoch: 34 Loss: 0.3387545943260193
Epoch: 35 Loss: 0.33612489700317383
Epoch: 36 Loss: 0.33370840549468994
Epoch: 37 Loss: 0.3314933180809021
Epoch: 38 Loss: 0.329459547996521
Epoch: 39 Loss: 0.32759106159210205
Epoch: 40 Loss: 0.32587605714797974
Epoch: 41 Loss: 0.32430168986320496
Epoch: 42 Loss: 0.3228541314601898
Epoch: 43 Loss: 0.32152387499809265
Epoch: 44 Loss: 0.3203040659427643
Epoch: 45 Loss: 0.31918323040008545
Epoch: 46 Loss: 0.31815239787101746
Epoch: 47 Loss: 0.317202627658844
Epoch: 48 Loss: 0.3163314461708069
Epoch: 49 Loss: 0.31553298234939575
Epoch: 50 Loss: 0.31479907035827637
Epoch: 51 Loss: 0.3141249716281891
Epoch: 52 Loss: 0.3135032057762146
Epoch: 53 Loss: 0.312932550907135
Epoch: 54 Loss: 0.3124079704284668
Epoch: 55 Loss: 0.31192463636398315
Epoch: 56 Loss: 0.3114793002605438
Epoch: 57 Loss: 0.3110709488391876
Epoch: 58 Loss: 0.31069493293762207
Epoch: 59 Loss: 0.3103485703468323
Epoch: 60 Loss: 0.3100302517414093
Epoch: 61 Loss: 0.3097394108772278
Epoch: 62 Loss: 0.3094720244407654
Epoch: 63 Loss: 0.30922752618789673
Epoch: 64 Loss: 0.3090011477470398
Epoch: 65 Loss: 0.30879315733909607
Epoch: 66 Loss: 0.3086021840572357
Epoch: 67 Loss: 0.30842697620391846
Epoch: 68 Loss: 0.30826592445373535
Epoch: 69 Loss: 0.30811816453933716
Epoch: 70 Loss: 0.3079816401004791
Epoch: 71 Loss: 0.3078572750091553
Epoch: 72 Loss: 0.30774202942848206
Epoch: 73 Loss: 0.30763542652130127
Epoch: 74 Loss: 0.3075374960899353
Epoch: 75 Loss: 0.30744853615760803
Epoch: 76 Loss: 0.30736690759658813
Epoch: 77 Loss: 0.307292103767395
Epoch: 78 Loss: 0.307223379611969
Epoch: 79 Loss: 0.30715981125831604
Epoch: 80 Loss: 0.3071008324623108
Epoch: 81 Loss: 0.30704620480537415
Epoch: 82 Loss: 0.30699706077575684
Epoch: 83 Loss: 0.30695194005966187
Epoch: 84 Loss: 0.3069099485874176
Epoch: 85 Loss: 0.3068711459636688
Epoch: 86 Loss: 0.3068355321884155
Epoch: 87 Loss: 0.30680251121520996
Epoch: 88 Loss: 0.30677133798599243
Epoch: 89 Loss: 0.3067423403263092
Epoch: 90 Loss: 0.30671578645706177
Epoch: 91 Loss: 0.3066914975643158
Epoch: 92 Loss: 0.30666863918304443
Epoch: 93 Loss: 0.30664771795272827
Epoch: 94 Loss: 0.3066287338733673
Epoch: 95 Loss: 0.30661165714263916
Epoch: 96 Loss: 0.3065953254699707
Epoch: 97 Loss: 0.3065802752971649
Epoch: 98 Loss: 0.30656638741493225
Epoch: 99 Loss: 0.30655401945114136
